Log file open, 04/15/18 16:17:32
LogWindows: Failed to load 'aqProf.dll' (GetLastError=126)
LogWindows: File 'aqProf.dll' does not exist
LogWindows: Failed to load 'VtuneApi.dll' (GetLastError=126)
LogWindows: File 'VtuneApi.dll' does not exist
LogWindows: Failed to load 'VtuneApi32e.dll' (GetLastError=126)
LogWindows: File 'VtuneApi32e.dll' does not exist
LogInit: Display: Running engine for game: ProjectBlueprint
LogPlatformFile: Not using cached read wrapper
LogInit: Display: RandInit(-1445235742) SRandInit(-1445235742).
LogInit: Read version file with build ID '3944462'
LogInit: Overriding engine version to CL 3989454, compatible CL 3944462
LogInit: Registered custom module enumerator with build ID '3944462'
LogTaskGraph: Started task graph with 5 named threads and 14 total threads with 3 sets of task threads.
LogStats: Stats thread started at 0.164320
LogD3D11RHI: Aftermath initialized
LogICUInternationalization: Display: ICU TimeZone Detection - Raw Offset: -6:00, Platform Override: ''
LogModuleManager: Display: Found up-to-date module file ../../../Engine/Plugins/2D/Paper2D/Binaries/Win64/UE4Editor-Paper2D.dll (API version 3944462).
LogModuleManager: Display: Found up-to-date module file ../../../Engine/Plugins/2D/Paper2D/Binaries/Win64/UE4Editor-Paper2DEditor.dll (API version 3944462).
LogModuleManager: Display: Found up-to-date module file ../../../Engine/Plugins/2D/Paper2D/Binaries/Win64/UE4Editor-PaperSpriteSheetImporter.dll (API version 3944462).
LogModuleManager: Display: Found up-to-date module file ../../../Engine/Plugins/2D/Paper2D/Binaries/Win64/UE4Editor-PaperTiledImporter.dll (API version 3944462).
LogModuleManager: Display: Found up-to-date module file ../../../Engine/Plugins/2D/Paper2D/Binaries/Win64/UE4Editor-SmartSnapping.dll (API version 3944462).
LogModuleManager: Display: Found up-to-date module file ../../../Engine/Plugins/Blendables/LightPropagationVolume/Binaries/Win64/UE4Editor-LightPropagationVolumeRuntime.dll (API version 3944462).
LogModuleManager: Display: Found up-to-date module file ../../../Engine/Plugins/Blendables/LightPropagationVolume/Binaries/Win64/UE4Editor-LightPropagationVolumeEditor.dll (API version 3944462).
LogModuleManager: Display: Found up-to-date module file ../../../Engine/Plugins/Developer/CLionSourceCodeAccess/Binaries/Win64/UE4Editor-CLionSourceCodeAccess.dll (API version 3944462).
LogModuleManager: Display: Found up-to-date module file ../../../Engine/Plugins/Developer/GitSourceControl/Binaries/Win64/UE4Editor-GitSourceControl.dll (API version 3944462).
LogModuleManager: Display: Found up-to-date module file ../../../Engine/Plugins/Developer/PerforceSourceControl/Binaries/Win64/UE4Editor-PerforceSourceControl.dll (API version 3944462).
LogModuleManager: Display: Found up-to-date module file ../../../Engine/Plugins/Developer/SubversionSourceControl/Binaries/Win64/UE4Editor-SubversionSourceControl.dll (API version 3944462).
LogModuleManager: Display: Found up-to-date module file ../../../Engine/Plugins/Developer/UObjectPlugin/Binaries/Win64/UE4Editor-UObjectPlugin.dll (API version 3944462).
LogModuleManager: Display: Found up-to-date module file ../../../Engine/Plugins/Developer/VisualStudioCodeSourceCodeAccess/Binaries/Win64/UE4Editor-VisualStudioCodeSourceCodeAccess.dll (API version 3944462).
LogModuleManager: Display: Found up-to-date module file ../../../Engine/Plugins/Developer/VisualStudioSourceCodeAccess/Binaries/Win64/UE4Editor-VisualStudioSourceCodeAccess.dll (API version 3944462).
LogModuleManager: Display: Found up-to-date module file ../../../Engine/Plugins/Editor/AssetManagerEditor/Binaries/Win64/UE4Editor-AssetManagerEditor.dll (API version 3944462).
LogModuleManager: Display: Found up-to-date module file ../../../Engine/Plugins/Editor/CryptoKeys/Binaries/Win64/UE4Editor-CryptoKeys.dll (API version 3944462).
LogModuleManager: Display: Found up-to-date module file ../../../Engine/Plugins/Editor/CryptoKeys/Binaries/Win64/UE4Editor-CryptoKeysOpenSSL.dll (API version 3944462).
LogModuleManager: Display: Found up-to-date module file ../../../Engine/Plugins/Editor/DataValidation/Binaries/Win64/UE4Editor-DataValidation.dll (API version 3944462).
LogModuleManager: Display: Found up-to-date module file ../../../Engine/Plugins/Editor/FacialAnimation/Binaries/Win64/UE4Editor-FacialAnimation.dll (API version 3944462).
LogModuleManager: Display: Found up-to-date module file ../../../Engine/Plugins/Editor/FacialAnimation/Binaries/Win64/UE4Editor-FacialAnimationEditor.dll (API version 3944462).
LogModuleManager: Display: Found up-to-date module file ../../../Engine/Plugins/Editor/GameplayTagsEditor/Binaries/Win64/UE4Editor-GameplayTagsEditor.dll (API version 3944462).
LogModuleManager: Display: Found up-to-date module file ../../../Engine/Plugins/Editor/MobileLauncherProfileWizard/Binaries/Win64/UE4Editor-MobileLauncherProfileWizard.dll (API version 3944462).
LogModuleManager: Display: Found up-to-date module file ../../../Engine/Plugins/Editor/PluginBrowser/Binaries/Win64/UE4Editor-PluginBrowser.dll (API version 3944462).
LogModuleManager: Display: Found up-to-date module file ../../../Engine/Plugins/Editor/SpeedTreeImporter/Binaries/Win64/UE4Editor-SpeedTreeImporter.dll (API version 3944462).
LogModuleManager: Display: Found up-to-date module file ../../../Engine/Plugins/Enterprise/DatasmithContent/Binaries/Win64/UE4Editor-DatasmithContent.dll (API version 3944462).
LogModuleManager: Display: Found up-to-date module file ../../../Engine/Plugins/Experimental/AlembicImporter/Binaries/Win64/UE4Editor-AlembicImporter.dll (API version 3944462).
LogModuleManager: Display: Found up-to-date module file ../../../Engine/Plugins/Experimental/AlembicImporter/Binaries/Win64/UE4Editor-AlembicLibrary.dll (API version 3944462).
LogModuleManager: Display: Found up-to-date module file ../../../Engine/Plugins/Experimental/CharacterAI/Binaries/Win64/UE4Editor-CharacterAI.dll (API version 3944462).
LogModuleManager: Display: Found up-to-date module file ../../../Engine/Plugins/Experimental/HTML5Networking/Binaries/Win64/UE4Editor-HTML5Networking.dll (API version 3944462).
LogModuleManager: Display: Found up-to-date module file ../../../Engine/Plugins/Media/AndroidMedia/Binaries/Win64/UE4Editor-AndroidMediaEditor.dll (API version 3944462).
LogModuleManager: Display: Found up-to-date module file ../../../Engine/Plugins/Media/AndroidMedia/Binaries/Win64/UE4Editor-AndroidMediaFactory.dll (API version 3944462).
LogModuleManager: Display: Found up-to-date module file ../../../Engine/Plugins/Media/AvfMedia/Binaries/Win64/UE4Editor-AvfMediaEditor.dll (API version 3944462).
LogModuleManager: Display: Found up-to-date module file ../../../Engine/Plugins/Media/AvfMedia/Binaries/Win64/UE4Editor-AvfMediaFactory.dll (API version 3944462).
LogModuleManager: Display: Found up-to-date module file ../../../Engine/Plugins/Media/AvfMedia/Binaries/Win64/UE4Editor-AvfMediaFactory.dll (API version 3944462).
LogModuleManager: Display: Found up-to-date module file ../../../Engine/Plugins/Media/ImgMedia/Binaries/Win64/UE4Editor-ImgMedia.dll (API version 3944462).
LogModuleManager: Display: Found up-to-date module file ../../../Engine/Plugins/Media/ImgMedia/Binaries/Win64/UE4Editor-ImgMediaEditor.dll (API version 3944462).
LogModuleManager: Display: Found up-to-date module file ../../../Engine/Plugins/Media/ImgMedia/Binaries/Win64/UE4Editor-ImgMediaFactory.dll (API version 3944462).
LogModuleManager: Display: Found up-to-date module file ../../../Engine/Plugins/Media/ImgMedia/Binaries/Win64/UE4Editor-ImgMediaFactory.dll (API version 3944462).
LogModuleManager: Display: Found up-to-date module file ../../../Engine/Plugins/Media/ImgMedia/Binaries/Win64/UE4Editor-OpenExrWrapper.dll (API version 3944462).
LogModuleManager: Display: Found up-to-date module file ../../../Engine/Plugins/Media/LinearTimecode/Binaries/Win64/UE4Editor-LinearTimecode.dll (API version 3944462).
LogModuleManager: Display: Found up-to-date module file ../../../Engine/Plugins/Media/MediaCompositing/Binaries/Win64/UE4Editor-MediaCompositing.dll (API version 3944462).
LogModuleManager: Display: Found up-to-date module file ../../../Engine/Plugins/Media/MediaCompositing/Binaries/Win64/UE4Editor-MediaCompositingEditor.dll (API version 3944462).
LogModuleManager: Display: Found up-to-date module file ../../../Engine/Plugins/Media/MediaPlayerEditor/Binaries/Win64/UE4Editor-MediaPlayerEditor.dll (API version 3944462).
LogModuleManager: Display: Found up-to-date module file ../../../Engine/Plugins/Media/WmfMedia/Binaries/Win64/UE4Editor-WmfMedia.dll (API version 3944462).
LogModuleManager: Display: Found up-to-date module file ../../../Engine/Plugins/Media/WmfMedia/Binaries/Win64/UE4Editor-WmfMediaEditor.dll (API version 3944462).
LogModuleManager: Display: Found up-to-date module file ../../../Engine/Plugins/Media/WmfMedia/Binaries/Win64/UE4Editor-WmfMediaFactory.dll (API version 3944462).
LogModuleManager: Display: Found up-to-date module file ../../../Engine/Plugins/Media/WmfMedia/Binaries/Win64/UE4Editor-WmfMediaFactory.dll (API version 3944462).
LogModuleManager: Display: Found up-to-date module file ../../../Engine/Plugins/Messaging/TcpMessaging/Binaries/Win64/UE4Editor-TcpMessaging.dll (API version 3944462).
LogModuleManager: Display: Found up-to-date module file ../../../Engine/Plugins/Messaging/UdpMessaging/Binaries/Win64/UE4Editor-UdpMessaging.dll (API version 3944462).
LogModuleManager: Display: Found up-to-date module file ../../../Engine/Plugins/MovieScene/ActorSequence/Binaries/Win64/UE4Editor-ActorSequence.dll (API version 3944462).
LogModuleManager: Display: Found up-to-date module file ../../../Engine/Plugins/MovieScene/LevelSequenceEditor/Binaries/Win64/UE4Editor-LevelSequenceEditor.dll (API version 3944462).
LogModuleManager: Display: Found up-to-date module file ../../../Engine/Plugins/MovieScene/MatineeToLevelSequence/Binaries/Win64/UE4Editor-MatineeToLevelSequence.dll (API version 3944462).
LogModuleManager: Display: Found up-to-date module file ../../../Engine/Plugins/NetcodeUnitTest/NetcodeUnitTest/Binaries/Win64/UE4Editor-NetcodeUnitTest.dll (API version 3944462).
LogModuleManager: Display: Found up-to-date module file ../../../Engine/Plugins/NetcodeUnitTest/NUTUnrealEngine4/Binaries/Win64/UE4Editor-NUTUnrealEngine4.dll (API version 3944462).
LogModuleManager: Display: Found up-to-date module file ../../../Engine/Plugins/Online/OnlineSubsystem/Binaries/Win64/UE4Editor-OnlineSubsystem.dll (API version 3944462).
LogModuleManager: Display: Found up-to-date module file ../../../Engine/Plugins/Runtime/AndroidPermission/Binaries/Win64/UE4Editor-AndroidPermission.dll (API version 3944462).
LogModuleManager: Display: Found up-to-date module file ../../../Engine/Plugins/Online/OnlineSubsystemNull/Binaries/Win64/UE4Editor-OnlineSubsystemNull.dll (API version 3944462).
LogModuleManager: Display: Found up-to-date module file ../../../Engine/Plugins/Online/OnlineSubsystemUtils/Binaries/Win64/UE4Editor-OnlineSubsystemUtils.dll (API version 3944462).
LogModuleManager: Display: Found up-to-date module file ../../../Engine/Plugins/Online/OnlineSubsystemUtils/Binaries/Win64/UE4Editor-OnlineBlueprintSupport.dll (API version 3944462).
LogModuleManager: Display: Found up-to-date module file ../../../Engine/Plugins/Runtime/AndroidDeviceProfileSelector/Binaries/Win64/UE4Editor-AndroidDeviceProfileSelector.dll (API version 3944462).
LogModuleManager: Display: Found up-to-date module file ../../../Engine/Plugins/Runtime/AppleARKit/Binaries/Win64/UE4Editor-AppleARKit.dll (API version 3944462).
LogModuleManager: Display: Found up-to-date module file ../../../Engine/Plugins/Runtime/ProceduralMeshComponent/Binaries/Win64/UE4Editor-ProceduralMeshComponent.dll (API version 3944462).
LogModuleManager: Display: Found up-to-date module file ../../../Engine/Plugins/Runtime/ProceduralMeshComponent/Binaries/Win64/UE4Editor-ProceduralMeshComponentEditor.dll (API version 3944462).
LogModuleManager: Display: Found up-to-date module file ../../../Engine/Plugins/Animation/LiveLink/Binaries/Win64/UE4Editor-LiveLink.dll (API version 3944462).
LogModuleManager: Display: Found up-to-date module file ../../../Engine/Plugins/Animation/LiveLink/Binaries/Win64/UE4Editor-LiveLinkEditor.dll (API version 3944462).
LogModuleManager: Display: Found up-to-date module file ../../../Engine/Plugins/Runtime/ArchVisCharacter/Binaries/Win64/UE4Editor-ArchVisCharacter.dll (API version 3944462).
LogModuleManager: Display: Found up-to-date module file ../../../Engine/Plugins/Runtime/AudioCapture/Binaries/Win64/UE4Editor-AudioCapture.dll (API version 3944462).
LogModuleManager: Display: Found up-to-date module file ../../../Engine/Plugins/Runtime/AudioCapture/Binaries/Win64/UE4Editor-AudioCaptureEditor.dll (API version 3944462).
LogModuleManager: Display: Found up-to-date module file ../../../Engine/Plugins/Runtime/CableComponent/Binaries/Win64/UE4Editor-CableComponent.dll (API version 3944462).
LogModuleManager: Display: Found up-to-date module file ../../../Engine/Plugins/Runtime/CustomMeshComponent/Binaries/Win64/UE4Editor-CustomMeshComponent.dll (API version 3944462).
LogModuleManager: Display: Found up-to-date module file ../../../Engine/Plugins/Runtime/ExampleDeviceProfileSelector/Binaries/Win64/UE4Editor-ExampleDeviceProfileSelector.dll (API version 3944462).
LogModuleManager: Display: Found up-to-date module file ../../../Engine/Plugins/Runtime/ImmediatePhysics/Binaries/Win64/UE4Editor-ImmediatePhysics.dll (API version 3944462).
LogModuleManager: Display: Found up-to-date module file ../../../Engine/Plugins/Runtime/ImmediatePhysics/Binaries/Win64/UE4Editor-ImmediatePhysicsEditor.dll (API version 3944462).
LogModuleManager: Display: Found up-to-date module file ../../../Engine/Plugins/Runtime/LocationServicesBPLibrary/Binaries/Win64/UE4Editor-LocationServicesBPLibrary.dll (API version 3944462).
LogModuleManager: Display: Found up-to-date module file ../../../Engine/Plugins/Runtime/MobilePatchingUtils/Binaries/Win64/UE4Editor-MobilePatchingUtils.dll (API version 3944462).
LogModuleManager: Display: Found up-to-date module file ../../../Engine/Plugins/Runtime/Oculus/OculusVR/Binaries/Win64/UE4Editor-OculusHMD.dll (API version 3944462).
LogModuleManager: Display: Found up-to-date module file ../../../Engine/Plugins/Runtime/Oculus/OculusVR/Binaries/Win64/UE4Editor-OculusInput.dll (API version 3944462).
LogModuleManager: Display: Found up-to-date module file ../../../Engine/Plugins/Runtime/Oculus/OculusVR/Binaries/Win64/UE4Editor-OculusEditor.dll (API version 3944462).
LogModuleManager: Display: Found up-to-date module file ../../../Engine/Plugins/Runtime/PhysXVehicles/Binaries/Win64/UE4Editor-PhysXVehicles.dll (API version 3944462).
LogModuleManager: Display: Found up-to-date module file ../../../Engine/Plugins/Runtime/PhysXVehicles/Binaries/Win64/UE4Editor-PhysXVehiclesEditor.dll (API version 3944462).
LogModuleManager: Display: Found up-to-date module file ../../../Engine/Plugins/Runtime/RuntimePhysXCooking/Binaries/Win64/UE4Editor-RuntimePhysXCooking.dll (API version 3944462).
LogModuleManager: Display: Found up-to-date module file ../../../Engine/Plugins/Runtime/Steam/SteamVR/Binaries/Win64/UE4Editor-SteamVR.dll (API version 3944462).
LogModuleManager: Display: Found up-to-date module file ../../../Engine/Plugins/Runtime/Steam/SteamVR/Binaries/Win64/UE4Editor-SteamVRController.dll (API version 3944462).
LogModuleManager: Display: Found up-to-date module file ../../../Engine/Plugins/Runtime/WindowsMoviePlayer/Binaries/Win64/UE4Editor-WindowsMoviePlayer.dll (API version 3944462).
LogPluginManager: Mounting plugin Paper2D
LogPluginManager: Mounting plugin LiveLink
LogPluginManager: Mounting plugin LightPropagationVolume
LogPluginManager: Mounting plugin CLionSourceCodeAccess
LogPluginManager: Mounting plugin CodeLiteSourceCodeAccess
LogPluginManager: Mounting plugin GitSourceControl
LogPluginManager: Mounting plugin KDevelopSourceCodeAccess
LogPluginManager: Mounting plugin NullSourceCodeAccess
LogPluginManager: Mounting plugin PerforceSourceControl
LogPluginManager: Mounting plugin SubversionSourceControl
LogPluginManager: Mounting plugin UObjectPlugin
LogPluginManager: Mounting plugin VisualStudioCodeSourceCodeAccess
LogPluginManager: Mounting plugin VisualStudioSourceCodeAccess
LogPluginManager: Mounting plugin XCodeSourceCodeAccess
LogPluginManager: Mounting plugin AssetManagerEditor
LogPluginManager: Mounting plugin CryptoKeys
LogPluginManager: Mounting plugin DataValidation
LogPluginManager: Mounting plugin FacialAnimation
LogPluginManager: Mounting plugin GameplayTagsEditor
LogPluginManager: Mounting plugin MobileLauncherProfileWizard
LogPluginManager: Mounting plugin PluginBrowser
LogPluginManager: Mounting plugin SpeedTreeImporter
LogPluginManager: Mounting plugin DatasmithContent
LogPluginManager: Mounting plugin AlembicImporter
LogPluginManager: Mounting plugin CharacterAI
LogPluginManager: Mounting plugin HTML5Networking
LogPluginManager: Mounting plugin AndroidMedia
LogPluginManager: Mounting plugin AvfMedia
LogPluginManager: Mounting plugin ImgMedia
LogPluginManager: Mounting plugin LinearTimecode
LogPluginManager: Mounting plugin MediaCompositing
LogPluginManager: Mounting plugin MediaPlayerEditor
LogPluginManager: Mounting plugin WmfMedia
LogPluginManager: Mounting plugin TcpMessaging
LogPluginManager: Mounting plugin UdpMessaging
LogPluginManager: Mounting plugin ActorSequence
LogPluginManager: Mounting plugin LevelSequenceEditor
LogPluginManager: Mounting plugin MatineeToLevelSequence
LogPluginManager: Mounting plugin NetcodeUnitTest
LogPluginManager: Mounting plugin NUTUnrealEngine4
LogPluginManager: Mounting plugin OnlineSubsystemGooglePlay
LogPluginManager: Mounting plugin OnlineSubsystemIOS
LogPluginManager: Mounting plugin OnlineSubsystem
LogPluginManager: Mounting plugin OnlineSubsystemNull
LogPluginManager: Mounting plugin OnlineSubsystemUtils
LogPluginManager: Mounting plugin AndroidDeviceProfileSelector
LogPluginManager: Mounting plugin AndroidMoviePlayer
LogPluginManager: Mounting plugin AndroidPermission
LogPluginManager: Mounting plugin AppleARKit
LogPluginManager: Mounting plugin AppleMoviePlayer
LogPluginManager: Mounting plugin ArchVisCharacter
LogPluginManager: Mounting plugin AudioCapture
LogPluginManager: Mounting plugin CableComponent
LogPluginManager: Mounting plugin CustomMeshComponent
LogPluginManager: Mounting plugin ExampleDeviceProfileSelector
LogPluginManager: Mounting plugin GoogleCloudMessaging
LogPluginManager: Mounting plugin ImmediatePhysics
LogPluginManager: Mounting plugin IOSDeviceProfileSelector
LogPluginManager: Mounting plugin LinuxDeviceProfileSelector
LogPluginManager: Mounting plugin LocationServicesBPLibrary
LogPluginManager: Mounting plugin MobilePatchingUtils
LogPluginManager: Mounting plugin OculusVR
LogPluginManager: Plugin shader directory ../../../Engine/Plugins/Runtime/Oculus/OculusVR/Shaders found
LogPluginManager: Mapping shader source directory ../../../Engine/Plugins/Runtime/Oculus/OculusVR/Shaders to virtual directory /Plugin/OculusVR
LogPluginManager: Mounting plugin PhysXVehicles
LogPluginManager: Mounting plugin ProceduralMeshComponent
LogPluginManager: Mounting plugin RuntimePhysXCooking
LogPluginManager: Mounting plugin SteamVR
LogPluginManager: Mounting plugin WindowsMoviePlayer
LogStreaming: Display: Took  1.119s to configure plugins.
LogInit: Using libcurl 7.47.1
LogInit:  - built for x86_64-pc-win32
LogInit:  - supports SSL with OpenSSL/1.0.2g
LogInit:  - supports HTTP deflate (compression) using libz 1.2.8
LogInit:  - other features:
LogInit:      CURL_VERSION_SSL
LogInit:      CURL_VERSION_LIBZ
LogInit:      CURL_VERSION_IPV6
LogInit:      CURL_VERSION_ASYNCHDNS
LogInit:      CURL_VERSION_LARGEFILE
LogInit:      CURL_VERSION_IDN
LogInit:  CurlRequestOptions (configurable via config and command line):
LogInit:  - bVerifyPeer = false  - Libcurl will NOT verify peer certificate
LogInit:  - bUseHttpProxy = false  - Libcurl will NOT use HTTP proxy
LogInit:  - bDontReuseConnections = false  - Libcurl will reuse connections
LogInit:  - CertBundlePath = nullptr  - Libcurl will use whatever was configured at build time.
LogInit:  - MaxHostConnections = 16  - Libcurl will limit the number of connections to a host
LogInit:  - LocalHostAddr = Default
LogInit: WinSock: version 1.1 (2.2), MaxSocks=32767, MaxUdp=65467
LogInit: WinSock: I am DESKTOP-K6BNC9F (192.168.60.103:0)
LogInit: Build: ++UE4+Release-4.19-CL-3989454
LogInit: Engine Version: 4.19.1-3989454+++UE4+Release-4.19
LogInit: Compatible Engine Version: 4.19.0-3944462+++UE4+Release-4.19
LogInit: Net CL: 3944462
LogDevObjectVersion: Number of dev versions registered: 18
LogDevObjectVersion:   Dev-Blueprints (B0D832E4-1F89-4F0D-ACCF-7EB736FD4AA2): 10
LogDevObjectVersion:   Dev-Build (E1C64328-A22C-4D53-A36C-8E866417BD8C): 0
LogDevObjectVersion:   Dev-Core (375EC13C-06E4-48FB-B500-84F0262A717E): 2
LogDevObjectVersion:   Dev-Editor (E4B068ED-F494-42E9-A231-DA0B2E46BB41): 23
LogDevObjectVersion:   Dev-Framework (CFFC743F-43B0-4480-9391-14DF171D2073): 33
LogDevObjectVersion:   Dev-Mobile (B02B49B5-BB20-44E9-A304-32B752E40360): 2
LogDevObjectVersion:   Dev-Networking (A4E4105C-59A1-49B5-A7C5-40C4547EDFEE): 0
LogDevObjectVersion:   Dev-Online (39C831C9-5AE6-47DC-9A44-9C173E1C8E7C): 0
LogDevObjectVersion:   Dev-Physics (78F01B33-EBEA-4F98-B9B4-84EACCB95AA2): 0
LogDevObjectVersion:   Dev-Platform (6631380F-2D4D-43E0-8009-CF276956A95A): 0
LogDevObjectVersion:   Dev-Rendering (12F88B9F-8875-4AFC-A67C-D90C383ABD29): 25
LogDevObjectVersion:   Dev-Sequencer (7B5AE74C-D270-4C10-A958-57980B212A5A): 6
LogDevObjectVersion:   Dev-VR (D7296918-1DD6-4BDD-9DE2-64A83CC13884): 1
LogDevObjectVersion:   Dev-LoadTimes (C2A15278-BFE7-4AFE-6C17-90FF531DF755): 1
LogDevObjectVersion:   Private-Geometry (6EACA3D4-40EC-4CC1-B786-8BED09428FC5): 2
LogDevObjectVersion:   Dev-AnimPhys (29E575DD-E0A3-4627-9D10-D276232CDCEA): 16
LogDevObjectVersion:   Dev-ReflectionCapture (6B266CEC-1EC7-4B8F-A30B-E4D90942FC07): 1
LogDevObjectVersion:   Dev-Automation (0DF73D61-A23F-47EA-B727-89E90C41499A): 1
LogInit: Compiled (64-bit): Apr  6 2018 12:26:04
LogInit: Compiled with Visual C++: 19.00.24215.01
LogInit: Build Configuration: Development
LogInit: Branch Name: ++UE4+Release-4.19
LogInit: Command Line: -EpicPortal 
LogInit: Base Directory: D:/Misc Games/Epic Games/Fortnite/UE_4.19/Engine/Binaries/Win64/
LogInit: Installed Engine Build: 1
LogStreaming: Display: Took  0.000s to delete old logs.
LogInit: Presizing for max 8388607 objects, including 0 objects not considered by GC, pre-allocating 0 bytes for permanent pool.
LogInit: Object subsystem initialized
[2018.04.15-21.17.33:458][  0]LogInit: Selected Device Profile: [Windows]
[2018.04.15-21.17.33:458][  0]LogInit: Applying CVar settings loaded from the selected device profile: [Windows]
[2018.04.15-21.17.33:466][  0]LogInit: Computer: DESKTOP-K6BNC9F
[2018.04.15-21.17.33:466][  0]LogInit: User: troyn
[2018.04.15-21.17.33:466][  0]LogInit: CPU Page size=4096, Cores=4
[2018.04.15-21.17.33:466][  0]LogInit: High frequency timer resolution =3.421877 MHz
[2018.04.15-21.17.33:466][  0]LogMemory: Memory total: Physical=16.0GB (16GB approx)
[2018.04.15-21.17.33:466][  0]LogMemory: Platform Memory Stats for Windows
[2018.04.15-21.17.33:466][  0]LogMemory: Process Physical Memory: 274.88 MB used, 274.88 MB peak
[2018.04.15-21.17.33:466][  0]LogMemory: Process Virtual Memory: 266.27 MB used, 266.27 MB peak
[2018.04.15-21.17.33:466][  0]LogMemory: Physical Memory: 7704.34 MB used,  8639.69 MB free, 16344.03 MB total
[2018.04.15-21.17.33:466][  0]LogMemory: Virtual Memory: 689.01 MB used,  8639.69 MB free, 134217728.00 MB total
[2018.04.15-21.17.33:487][  0]LogInit: Using OS detected language (en-US).
[2018.04.15-21.17.33:487][  0]LogInit: Using OS detected locale (en-US).
[2018.04.15-21.17.33:492][  0]LogTextLocalizationManager: No specific localization for 'en-US' exists, so the 'en' localization will be used.
[2018.04.15-21.17.33:905][  0]LogStreaming: Display: Took  0.418s to EndInitTextLocalization.
[2018.04.15-21.17.33:905][  0]LogInit: Setting process to per monitor DPI aware
[2018.04.15-21.17.33:929][  0]LogSlate: New Slate User Created.  User Index 0, Is Virtual User: 0
[2018.04.15-21.17.33:929][  0]LogSlate: Slate User Registered.  User Index 0, Is Virtual User: 0
[2018.04.15-21.17.34:260][  0]LogD3D11RHI: D3D11 adapters:
[2018.04.15-21.17.34:316][  0]LogD3D11RHI:    0. 'NVIDIA GeForce GTX 1070' (Feature Level 11_0)
[2018.04.15-21.17.34:316][  0]LogD3D11RHI:       8088/0/8172 MB DedicatedVideo/DedicatedSystem/SharedSystem, Outputs:1, VendorId:0x10de
[2018.04.15-21.17.34:319][  0]LogD3D11RHI:    1. 'Microsoft Basic Render Driver' (Feature Level 11_0)
[2018.04.15-21.17.34:319][  0]LogD3D11RHI:       0/0/8172 MB DedicatedVideo/DedicatedSystem/SharedSystem, Outputs:0, VendorId:0x1414
[2018.04.15-21.17.34:319][  0]LogD3D11RHI: Chosen D3D11 Adapter: 0
[2018.04.15-21.17.34:338][  0]LogD3D11RHI: Creating new Direct3DDevice
[2018.04.15-21.17.34:338][  0]LogD3D11RHI:     GPU DeviceId: 0x1b81 (for the marketing name, search the web for "GPU Device Id")
[2018.04.15-21.17.34:338][  0]LogWindows: EnumDisplayDevices:
[2018.04.15-21.17.34:338][  0]LogWindows:    0. 'NVIDIA GeForce GTX 1070' (P:1 D:1)
[2018.04.15-21.17.34:339][  0]LogWindows:    1. 'NVIDIA GeForce GTX 1070' (P:0 D:0)
[2018.04.15-21.17.34:339][  0]LogWindows:    2. 'NVIDIA GeForce GTX 1070' (P:0 D:0)
[2018.04.15-21.17.34:339][  0]LogWindows:    3. 'NVIDIA GeForce GTX 1070' (P:0 D:0)
[2018.04.15-21.17.34:339][  0]LogWindows: DebugString: GetVideoDriverDetailsInvalid PrimaryIsNotTheChoosenAdapter GetVideoDriverDetailsInvalid PrimaryIsNotTheChoosenAdapter GetVideoDriverDetailsInvalid PrimaryIsNotTheChoosenAdapter GetVideoDriverDetailsInvalid PrimaryIsNotTheChoosenAdapter FoundDriverCount:0 
[2018.04.15-21.17.34:339][  0]LogD3D11RHI:     Adapter Name: NVIDIA GeForce GTX 1070
[2018.04.15-21.17.34:339][  0]LogD3D11RHI:   Driver Version: Unknown (internal:Unknown, unified:Unknown)
[2018.04.15-21.17.34:339][  0]LogD3D11RHI:      Driver Date: Unknown
[2018.04.15-21.17.34:339][  0]LogRHI: Texture pool is 5661 MB (70% of 8088 MB)
[2018.04.15-21.17.34:365][  0]LogD3D11RHI: [Aftermath] Aftermath enabled and primed
[2018.04.15-21.17.34:365][  0]LogD3D11RHI: [Aftermath] Aftermath enabled and primed
[2018.04.15-21.17.34:365][  0]LogD3D11RHI: Async texture creation enabled
[2018.04.15-21.17.34:394][  0]LogD3D11RHI: GPU Timing Frequency: 1000.000000 (Debug: 2 2)
[2018.04.15-21.17.34:437][  0]LogShaderCompilers: Guid format shader working directory is -27 characters bigger than the processId version (C:/Users/troyn/Documents/Unreal Projects/UnrealTutorial/ProjectBlueprint/Intermediate/Shaders/WorkingDirectory/66844/).
[2018.04.15-21.17.34:438][  0]LogShaderCompilers: Cleaned the shader compiler working directory 'C:/Users/troyn/AppData/Local/Temp/UnrealShaderWorkingDir/EB961E5D47A94CA99A673390A5C6A207/'.
[2018.04.15-21.17.34:672][  0]LogTemp: Display: Loaded TP AllDesktopTargetPlatform
[2018.04.15-21.17.34:685][  0]LogTemp: Display: Loaded TP MacClientTargetPlatform
[2018.04.15-21.17.34:697][  0]LogTemp: Display: Loaded TP MacNoEditorTargetPlatform
[2018.04.15-21.17.34:709][  0]LogTemp: Display: Loaded TP MacServerTargetPlatform
[2018.04.15-21.17.34:721][  0]LogTemp: Display: Loaded TP MacTargetPlatform
[2018.04.15-21.17.34:733][  0]LogTemp: Display: Loaded TP WindowsClientTargetPlatform
[2018.04.15-21.17.34:745][  0]LogTemp: Display: Loaded TP WindowsNoEditorTargetPlatform
[2018.04.15-21.17.34:758][  0]LogTemp: Display: Loaded TP WindowsServerTargetPlatform
[2018.04.15-21.17.34:763][  0]LogTemp: Display: Loaded TP WindowsTargetPlatform
[2018.04.15-21.17.34:775][  0]LogTemp: Display: Loaded TP Android_ASTCTargetPlatform
[2018.04.15-21.17.34:787][  0]LogTemp: Display: Loaded TP Android_ATCTargetPlatform
[2018.04.15-21.17.34:800][  0]LogTemp: Display: Loaded TP Android_DXTTargetPlatform
[2018.04.15-21.17.34:812][  0]LogTemp: Display: Loaded TP Android_ETC1aTargetPlatform
[2018.04.15-21.17.34:825][  0]LogTemp: Display: Loaded TP Android_ETC1TargetPlatform
[2018.04.15-21.17.34:837][  0]LogTemp: Display: Loaded TP Android_ETC2TargetPlatform
[2018.04.15-21.17.34:862][  0]LogTemp: Display: Loaded TP Android_MultiTargetPlatform
[2018.04.15-21.17.34:862][  0]LogTemp: Display: Loaded TP Android_PVRTCTargetPlatform
[2018.04.15-21.17.34:875][  0]LogTemp: Display: Loaded TP AndroidTargetPlatform
[2018.04.15-21.17.34:877][  0]LogTemp: Display: Loaded TP HTML5TargetPlatform
[2018.04.15-21.17.34:919][  0]LogTemp: Display: Loaded TP IOSTargetPlatform
[2018.04.15-21.17.34:931][  0]LogTemp: Display: Loaded TP TVOSTargetPlatform
[2018.04.15-21.17.34:945][  0]LogTemp: Display: Loaded TP LinuxClientTargetPlatform
[2018.04.15-21.17.34:959][  0]LogTemp: Display: Loaded TP LinuxNoEditorTargetPlatform
[2018.04.15-21.17.34:971][  0]LogTemp: Display: Loaded TP LinuxServerTargetPlatform
[2018.04.15-21.17.34:984][  0]LogTemp: Display: Loaded TP LinuxTargetPlatform
[2018.04.15-21.17.34:984][  0]LogTargetPlatformManager: Display: Building Assets For Windows
[2018.04.15-21.17.35:100][  0]LogXGEController: Cannot use XGE Controller as Incredibuild is not installed on this machine.
[2018.04.15-21.17.35:100][  0]LogShaderCompilers: Cannot use XGE Shader Compiler as Incredibuild is not installed on this machine.
[2018.04.15-21.17.35:100][  0]LogShaderCompilers: Display: Using Local Shader Compiler.
[2018.04.15-21.17.35:744][  0]LogDerivedDataCache: Display: Max Cache Size: 512 MB
[2018.04.15-21.17.35:823][  0]LogDerivedDataCache: Loaded boot cache 0.08s 74MB C:/Users/troyn/AppData/Local/UnrealEngine/4.19/DerivedDataCache/Boot.ddc.
[2018.04.15-21.17.35:823][  0]LogDerivedDataCache: Display: Loaded Boot cache: C:/Users/troyn/AppData/Local/UnrealEngine/4.19/DerivedDataCache/Boot.ddc
[2018.04.15-21.17.35:823][  0]LogDerivedDataCache: FDerivedDataBackendGraph:  Pak pak cache file C:/Users/troyn/Documents/Unreal Projects/UnrealTutorial/ProjectBlueprint/DerivedDataCache/DDC.ddp not found, will not use a pak cache.
[2018.04.15-21.17.35:824][  0]LogDerivedDataCache: Unable to find inner node Pak for hierarchical cache Hierarchy.
[2018.04.15-21.17.35:824][  0]LogDerivedDataCache: FDerivedDataBackendGraph:  CompressedPak pak cache file C:/Users/troyn/Documents/Unreal Projects/UnrealTutorial/ProjectBlueprint/DerivedDataCache/Compressed.ddp not found, will not use a pak cache.
[2018.04.15-21.17.35:824][  0]LogDerivedDataCache: Unable to find inner node CompressedPak for hierarchical cache Hierarchy.
[2018.04.15-21.17.35:842][  0]LogDerivedDataCache: Display: Pak cache opened for reading ../../../Engine/DerivedDataCache/Compressed.ddp.
[2018.04.15-21.17.35:855][  0]LogDerivedDataCache: Using Local data cache path C:/Users/troyn/AppData/Local/UnrealEngine/Common/DerivedDataCache: Writable
[2018.04.15-21.17.35:868][  0]LogMaterial: Verifying Global Shaders for PCD3D_SM5
[2018.04.15-21.17.35:868][  0]LogSlate: Using Freetype 2.6.0
[2018.04.15-21.17.35:869][  0]LogSlate: SlateFontCache - WITH_FREETYPE: 1, WITH_HARFBUZZ: 1
[2018.04.15-21.17.35:870][  0]LogSlate: SlateFontCache - WITH_FREETYPE: 1, WITH_HARFBUZZ: 1
[2018.04.15-21.17.36:027][  0]LogAssetRegistry: FAssetRegistry took 0.0259 seconds to start up
[2018.04.15-21.17.36:369][  0]LogInit: Selected Device Profile: [Windows]
[2018.04.15-21.17.36:512][  0]LogSimplygon: Simplygon DLL not present - disabling.
[2018.04.15-21.17.36:514][  0]LogMeshReduction: Using SimplygonSwarm for distributed automatic mesh merging
[2018.04.15-21.17.36:515][  0]LogMeshReduction: Using QuadricMeshReduction for automatic static mesh reduction
[2018.04.15-21.17.36:515][  0]LogMeshReduction: No automatic skeletal mesh reduction module available
[2018.04.15-21.17.36:515][  0]LogMeshReduction: No automatic mesh merging module available
[2018.04.15-21.17.36:515][  0]LogMeshMerging: No automatic mesh merging module available
[2018.04.15-21.17.36:555][  0]LogNetVersion: ProjectBlueprint , NetCL: 3944462, EngineNetVer: 2, GameNetVer: 0 (Checksum: 1915264215)
[2018.04.15-21.17.37:064][  0]LogPackageLocalizationCache: Processed 9 localized package path(s) for 2 prioritized culture(s) in 0.088677 seconds
[2018.04.15-21.17.37:072][  0]LogUObjectArray: 36728 objects as part of root set at end of initial load.
[2018.04.15-21.17.37:072][  0]LogUObjectAllocator: 7314304 out of 0 bytes used by permanent object pool.
[2018.04.15-21.17.37:072][  0]LogUObjectArray: CloseDisregardForGC: 0/0 objects in disregard for GC pool
[2018.04.15-21.17.38:884][  0]LogTcpMessaging: Initializing TcpMessaging bridge
[2018.04.15-21.17.38:920][  0]LogUdpMessaging: Initializing bridge on interface 0.0.0.0:0 to multicast group 230.0.0.1:6666.
[2018.04.15-21.17.39:364][  0]SourceControl: Source control is disabled
[2018.04.15-21.17.39:364][  0]SourceControl: Source control is disabled
[2018.04.15-21.17.39:390][  0]SourceControl: Source control is disabled
[2018.04.15-21.17.39:411][  0]SourceControl: Source control is disabled
[2018.04.15-21.17.39:979][  0]LogAndroidPermission: UAndroidPermissionCallbackProxy::GetInstance
[2018.04.15-21.17.40:211][  0]LogOcInput: OculusInput pre-init called
[2018.04.15-21.17.40:330][  0]LogEngine: Initializing Engine...
[2018.04.15-21.17.40:331][  0]LogHMD: Failed to initialize OpenVR with code 110
[2018.04.15-21.17.40:332][  0]LogStats: UGameplayTagsManager::ConstructGameplayTagTree: Construct from data asset -  0.000 s
[2018.04.15-21.17.40:332][  0]LogStats: UGameplayTagsManager::ConstructGameplayTagTree: GameplayTagTreeChangedEvent.Broadcast -  0.000 s
[2018.04.15-21.17.40:669][  0]LogAIModule: Creating AISystem for world Untitled
[2018.04.15-21.17.40:779][  0]LogInit: XAudio2 using 'Headset Earphone (HyperX 7.1 Audio)' : 2 channels at 44.1 kHz using 16 bits per sample (channel mask 0x3)
[2018.04.15-21.17.40:806][  0]LogInit: FAudioDevice initialized.
[2018.04.15-21.17.40:897][  0]LogDerivedDataCache: Saved boot cache 0.09s 74MB C:/Users/troyn/AppData/Local/UnrealEngine/4.19/DerivedDataCache/Boot.ddc.
[2018.04.15-21.17.40:905][  0]LogInit: Texture streaming: Enabled
[2018.04.15-21.17.40:927][  0]LogEngineSessionManager: EngineSessionManager initialized
[2018.04.15-21.17.40:966][  0]LogInit: Transaction tracking system initialized
[2018.04.15-21.17.40:996][  0]BlueprintLog: New page: Editor Load
[2018.04.15-21.17.41:092][  0]LocalizationService: Localization service is disabled
[2018.04.15-21.17.41:199][  0]LogConsoleResponse: Display: 
[2018.04.15-21.17.41:346][  0]LogCook: Display: Max memory allowance for cook 16384mb min free memory 0mb
[2018.04.15-21.17.41:346][  0]LogCook: Display: Mobile HDR setting 1
[2018.04.15-21.17.41:346][  0]LogGameplayTags: Display: UGameplayTagsManager::DoneAddingNativeTags. DelegateIsBound: 0
[2018.04.15-21.17.41:346][  0]LogStats: UGameplayTagsManager::ConstructGameplayTagTree: Construct from data asset -  0.000 s
[2018.04.15-21.17.41:346][  0]LogStats: UGameplayTagsManager::ConstructGameplayTagTree: GameplayTagTreeChangedEvent.Broadcast -  0.000 s
[2018.04.15-21.17.41:743][  0]LogFileCache: Scanning file cache for directory 'C:/Users/troyn/Documents/Unreal Projects/UnrealTutorial/ProjectBlueprint/Content/' took 0.01s
[2018.04.15-21.17.41:743][  0]SourceControl: Source control is disabled
[2018.04.15-21.17.41:743][  0]Cmd: MAP LOAD FILE="C:/Users/troyn/Documents/Unreal Projects/UnrealTutorial/ProjectBlueprint/Content/ThirdPersonBP/Maps/ThirdPersonExampleMap.umap" TEMPLATE=0 SHOWPROGRESS=1 FEATURELEVEL=3
[2018.04.15-21.17.41:744][  0]LightingResults: New page: Lighting Build
[2018.04.15-21.17.41:746][  0]MapCheck: New page: Map Check
[2018.04.15-21.17.41:746][  0]LightingResults: New page: Lighting Build
[2018.04.15-21.17.42:545][  0]LogSkeletalMesh: Skeletal Mesh found in DDC [27.828587ms] /Game/Mannequin/Character/Mesh/SK_Mannequin.SK_Mannequin
[2018.04.15-21.17.42:664][  0]LogAIModule: Creating AISystem for world ThirdPersonExampleMap
[2018.04.15-21.17.42:825][  0]LogEditorServer: Finished looking for orphan Actors (0.000 secs)
[2018.04.15-21.17.42:839][  0]Cmd: MAP CHECKDEP NOCLEARLOG
[2018.04.15-21.17.42:907][  0]MapCheck: Map check complete: 0 Error(s), 0 Warning(s), took 67.746ms to complete.
[2018.04.15-21.17.42:907][  0]LogFileHelpers: Loading map 'ThirdPersonExampleMap' took 1.164
[2018.04.15-21.17.43:174][  0]LogCollectionManager: Loaded 0 collections in 0.000868 seconds
[2018.04.15-21.17.43:216][  0]LogFileCache: Scanning file cache for directory 'C:/Users/troyn/Documents/Unreal Projects/UnrealTutorial/ProjectBlueprint/Saved/Collections/' took 0.01s
[2018.04.15-21.17.43:216][  0]LogFileCache: Scanning file cache for directory 'C:/Users/troyn/Documents/Unreal Projects/UnrealTutorial/ProjectBlueprint/Content/Developers/troyn/Collections/' took 0.01s
[2018.04.15-21.17.43:216][  0]LogFileCache: Scanning file cache for directory 'C:/Users/troyn/Documents/Unreal Projects/UnrealTutorial/ProjectBlueprint/Content/Collections/' took 0.01s
[2018.04.15-21.17.43:216][  0]LogCollectionManager: Rebuilt the GUID cache for 0 collections in 0.000000 seconds
[2018.04.15-21.17.43:225][  0]LogContentBrowser: Native class hierarchy populated in 0.0088 seconds. Added 2452 classes and 558 folders.
[2018.04.15-21.17.43:231][  0]LogContentBrowser: Native class hierarchy updated for 'WidgetCarousel' in 0.0003 seconds. Added 0 classes and 0 folders.
[2018.04.15-21.17.43:703][  0]LogContentBrowser: Native class hierarchy updated for 'AddContentDialog' in 0.0002 seconds. Added 0 classes and 0 folders.
[2018.04.15-21.17.43:708][  0]LogContentBrowser: Native class hierarchy updated for 'SceneOutliner' in 0.0002 seconds. Added 1 classes and 2 folders.
[2018.04.15-21.17.43:750][  0]LogSlate: Took 0.000290 seconds to synchronously load lazily loaded font '../../../Engine/Content/Slate/Fonts/Roboto-Regular.ttf' (155K)
[2018.04.15-21.17.43:752][  0]LogSlate: Took 0.000262 seconds to synchronously load lazily loaded font '../../../Engine/Content/Slate/Fonts/Roboto-Bold.ttf' (160K)
[2018.04.15-21.17.43:772][  0]LogSlate: Took 0.014415 seconds to synchronously load lazily loaded font '../../../Engine/Content/Editor/Slate/Fonts/FontAwesome.ttf' (139K)
[2018.04.15-21.17.44:063][  0]LogRenderer: Reallocating scene render targets to support 1616x808 Format 10 NumSamples 1 (Frame:1).
[2018.04.15-21.17.44:266][  0]LogSlate: FSceneViewport::OnFocusLost() reason 2
[2018.04.15-21.17.44:301][  0]LogSlate: Window 'Tutorials' being destroyed
[2018.04.15-21.17.44:331][  0]LogContentBrowser: Native class hierarchy updated for 'HierarchicalLODOutliner' in 0.0002 seconds. Added 0 classes and 0 folders.
[2018.04.15-21.17.44:331][  0]LogLoad: (Engine Initialization) Total time: 13.35 seconds
[2018.04.15-21.17.44:331][  0]LogLoad: (Engine Initialization) Total Blueprint compile time: 0.00 seconds
[2018.04.15-21.17.44:701][  0]LogContentStreaming: Texture pool size now 1000 MB
[2018.04.15-21.17.45:017][  1]LogAssetRegistry: Asset discovery search completed in 9.0127 seconds
[2018.04.15-21.17.45:019][  1]LogCollectionManager: Rebuilt the object cache for 0 collections in 0.000000 seconds (found 0 objects)
[2018.04.15-21.17.45:019][  1]LogCollectionManager: Fixed up redirectors for 0 collections in 0.000062 seconds (updated 0 objects)
[2018.04.15-21.17.45:706][  3]LogSlate: Took 0.033322 seconds to synchronously load lazily loaded font '../../../Engine/Content/Slate/Fonts/Roboto-Light.ttf' (167K)
[2018.04.15-21.18.05:501][196]LogSlate: FSceneViewport::OnFocusLost() reason 0
[2018.04.15-21.18.16:095][440]LogTexture: Display: Building textures: HQ_Lightmap1_2 (AutoDXT, 64X64)
[2018.04.15-21.18.16:095][440]LogTexture: Display: Building textures: HQ_Lightmap1_1 (AutoDXT, 512X512)
[2018.04.15-21.18.16:095][440]LogTexture: Display: Building textures: LQ_Lightmap_1_1 (DXT1, 512X512)
[2018.04.15-21.18.16:213][440]LogTexture: Display: Building textures: LQ_Lightmap_1_2 (DXT1, 64X64)
[2018.04.15-21.18.16:213][440]LogTexture: Display: Building textures: ShadowMapTexture2D_2 (BGRA8, 512X256)
[2018.04.15-21.18.16:213][440]LogTexture: Display: Building textures: ShadowMapTexture2D_3 (G8, 32X32)
[2018.04.15-21.18.16:215][440]LogAIModule: Creating AISystem for world LightRoom
[2018.04.15-21.18.16:267][440]Cmd: MAP LOAD FILE="C:/Users/troyn/Documents/Unreal Projects/UnrealTutorial/ProjectBlueprint/Content/Levels/LightRoom.umap" TEMPLATE=0 SHOWPROGRESS=1 FEATURELEVEL=3
[2018.04.15-21.18.16:268][440]LightingResults: New page: Lighting Build
[2018.04.15-21.18.16:268][440]LoadErrors: New page: Loading map: LightRoom.umap
[2018.04.15-21.18.16:280][440]MapCheck: New page: Map Check
[2018.04.15-21.18.16:280][440]LightingResults: New page: Lighting Build
[2018.04.15-21.18.16:296][440]LogEditorServer: Finished looking for orphan Actors (0.000 secs)
[2018.04.15-21.18.16:318][440]Cmd: MAP CHECKDEP NOCLEARLOG
[2018.04.15-21.18.16:379][440]MapCheck: Map check complete: 0 Error(s), 0 Warning(s), took 60.355ms to complete.
[2018.04.15-21.18.16:379][440]LogFileHelpers: Loading map 'LightRoom' took 0.113
[2018.04.15-21.18.50:584][374]LogSlate: FSceneViewport::OnFocusLost() reason 0
[2018.04.15-21.18.50:673][384]LogLinker: Warning: Can't resolve asset name
[2018.04.15-21.18.50:957][384]LogContentBrowser: Native class hierarchy updated for 'BlueprintGraph' in 0.0005 seconds. Added 116 classes and 0 folders.
[2018.04.15-21.18.51:959][384]LogSlate: Took 0.022871 seconds to synchronously load lazily loaded font '../../../Engine/Content/Slate/Fonts/Roboto-BoldCondensed.ttf' (158K)
[2018.04.15-21.18.52:090][385]LogSlate: Took 0.007544 seconds to synchronously load lazily loaded font '../../../Engine/Content/Slate/Fonts/Roboto-Italic.ttf' (157K)
[2018.04.15-21.19.07:640][998]LogSlate: FSceneViewport::OnFocusLost() reason 0
[2018.04.15-21.19.07:740][ 10]LogTemp: Repeating last play command: Selected Viewport
[2018.04.15-21.19.07:760][ 10]LogBlueprintUserMessages: Early PlayInEditor Detection: Level '/Game/Levels/LightRoom.LightRoom:PersistentLevel' has LevelScriptBlueprint '/Game/Levels/LightRoom.LightRoom:PersistentLevel.LightRoom' with GeneratedClass '/Game/Levels/LightRoom.LightRoom_C' with ClassGeneratedBy '/Game/Levels/LightRoom.LightRoom:PersistentLevel.LightRoom'
[2018.04.15-21.19.07:763][ 10]LogPlayLevel: PlayLevel: No blueprints needed recompiling
[2018.04.15-21.19.07:763][ 10]PIE: New page: PIE session: LightRoom (Apr 15, 2018, 11:19:07 AM)
[2018.04.15-21.19.07:764][ 10]LogPlayLevel: Creating play world package: /Game/Levels/UEDPIE_0_LightRoom
[2018.04.15-21.19.07:776][ 10]LogPlayLevel: PIE: StaticDuplicateObject took: (0.012348s)
[2018.04.15-21.19.07:777][ 10]LogAIModule: Creating AISystem for world LightRoom
[2018.04.15-21.19.07:777][ 10]LogPlayLevel: PIE: World Init took: (0.000779s)
[2018.04.15-21.19.07:777][ 10]LogPlayLevel: PIE: Created PIE world by copying editor world from /Game/Levels/LightRoom.LightRoom to /Game/Levels/UEDPIE_0_LightRoom.LightRoom (0.013264s)
[2018.04.15-21.19.07:827][ 10]LogInit: XAudio2 using 'Headset Earphone (HyperX 7.1 Audio)' : 2 channels at 44.1 kHz using 16 bits per sample (channel mask 0x3)
[2018.04.15-21.19.07:836][ 10]LogInit: FAudioDevice initialized.
[2018.04.15-21.19.07:889][ 10]LogLoad: Game class is 'ThirdPersonGameMode_C'
[2018.04.15-21.19.07:913][ 10]LogWorld: Bringing World /Game/Levels/UEDPIE_0_LightRoom.LightRoom up for play (max tick rate 0) at 2018.04.15-16.19.07
[2018.04.15-21.19.07:921][ 10]LogWorld: Bringing up level for play took: 0.008449
[2018.04.15-21.19.07:953][ 10]LogContentBrowser: Native class hierarchy updated for 'MovieSceneCapture' in 0.0004 seconds. Added 11 classes and 0 folders.
[2018.04.15-21.19.07:967][ 10]PIE: Play in editor start time for /Game/Levels/UEDPIE_0_LightRoom -0.179
[2018.04.15-21.19.07:967][ 10]LogBlueprintUserMessages: Late PlayInEditor Detection: Level '/Game/Levels/LightRoom.LightRoom:PersistentLevel' has LevelScriptBlueprint '/Game/Levels/LightRoom.LightRoom:PersistentLevel.LightRoom' with GeneratedClass '/Game/Levels/LightRoom.LightRoom_C' with ClassGeneratedBy '/Game/Levels/LightRoom.LightRoom:PersistentLevel.LightRoom'
[2018.04.15-21.19.33:177][  4]LogBlueprintUserMessages: Early EndPlayMap Detection: Level '/Game/Levels/LightRoom.LightRoom:PersistentLevel' has LevelScriptBlueprint '/Game/Levels/LightRoom.LightRoom:PersistentLevel.LightRoom' with GeneratedClass '/Game/Levels/LightRoom.LightRoom_C' with ClassGeneratedBy '/Game/Levels/LightRoom.LightRoom:PersistentLevel.LightRoom'
[2018.04.15-21.19.33:216][  4]LogBlueprintUserMessages: Late EndPlayMap Detection: Level '/Game/Levels/LightRoom.LightRoom:PersistentLevel' has LevelScriptBlueprint '/Game/Levels/LightRoom.LightRoom:PersistentLevel.LightRoom' with GeneratedClass '/Game/Levels/LightRoom.LightRoom_C' with ClassGeneratedBy '/Game/Levels/LightRoom.LightRoom:PersistentLevel.LightRoom'
[2018.04.15-21.19.42:458][997]LogSlate: FSceneViewport::OnFocusLost() reason 0
[2018.04.15-21.19.59:730][919]LogSlate: FSceneViewport::OnFocusLost() reason 2
[2018.04.15-21.20.41:765][703]LogActorFactory: Actor Factory created SM_Bush
[2018.04.15-21.20.44:586][997]LogSlate: FSceneViewport::OnFocusLost() reason 2
[2018.04.15-21.23.34:074][765]LogSlate: FSceneViewport::OnFocusLost() reason 0
[2018.04.15-21.23.54:772][957]LogSlate: Window 'Select Path' being destroyed
[2018.04.15-21.23.55:213][958]LogRenderer: Reallocating scene render targets to support 1616x1240 Format 10 NumSamples 1 (Frame:1).
[2018.04.15-21.24.06:313][934]LogSlate: FSceneViewport::OnFocusLost() reason 0
[2018.04.15-21.25.32:811][958]BlueprintLog: New page: Compile BurningBush_bp
[2018.04.15-21.25.33:914][ 10]Cmd: OBJ SAVEPACKAGE PACKAGE="/Game/Blueprints/BurningBush_bp" FILE="C:/Users/troyn/Documents/Unreal Projects/UnrealTutorial/ProjectBlueprint/Content/Blueprints/BurningBush_bp.uasset" SILENT=true
[2018.04.15-21.25.33:993][ 10]LogSavePackage: Save=50.15ms
[2018.04.15-21.25.33:993][ 10]LogSavePackage: Moving 'C:/Users/troyn/Documents/Unreal Projects/UnrealTutorial/ProjectBlueprint/Saved/BurningBush_bp8B65B93940495426CAB978B58157A6A3.tmp' to 'C:/Users/troyn/Documents/Unreal Projects/UnrealTutorial/ProjectBlueprint/Content/Blueprints/BurningBush_bp.uasset'
[2018.04.15-21.25.33:996][ 10]LogSavePackage: Display: Finished SavePackage C:/Users/troyn/Documents/Unreal Projects/UnrealTutorial/ProjectBlueprint/Content/Blueprints/BurningBush_bp.uasset
[2018.04.15-21.25.35:528][157]LogSlate: Window 'BurningBush_bp' being destroyed
[2018.04.15-21.25.35:532][157]LogSlate: Window 'BurningBush_bp' being destroyed
[2018.04.15-21.25.35:657][157]LogActorComponent: UnregisterComponent: (/Engine/Transient.EditorFloorComp) Not registered. Aborting.
[2018.04.15-21.25.38:017][408]LogTemp: Repeating last play command: Selected Viewport
[2018.04.15-21.25.38:027][408]LogBlueprintUserMessages: Early PlayInEditor Detection: Level '/Game/Levels/LightRoom.LightRoom:PersistentLevel' has LevelScriptBlueprint '/Game/Levels/LightRoom.LightRoom:PersistentLevel.LightRoom' with GeneratedClass '/Game/Levels/LightRoom.LightRoom_C' with ClassGeneratedBy '/Game/Levels/LightRoom.LightRoom:PersistentLevel.LightRoom'
[2018.04.15-21.25.38:027][408]LogPlayLevel: PlayLevel: No blueprints needed recompiling
[2018.04.15-21.25.38:027][408]PIE: New page: PIE session: LightRoom (Apr 15, 2018, 11:25:38 AM)
[2018.04.15-21.25.38:027][408]LogPlayLevel: Creating play world package: /Game/Levels/UEDPIE_0_LightRoom
[2018.04.15-21.25.38:030][408]LogPlayLevel: PIE: StaticDuplicateObject took: (0.002711s)
[2018.04.15-21.25.38:031][408]LogAIModule: Creating AISystem for world LightRoom
[2018.04.15-21.25.38:031][408]LogPlayLevel: PIE: World Init took: (0.000680s)
[2018.04.15-21.25.38:031][408]LogPlayLevel: PIE: Created PIE world by copying editor world from /Game/Levels/LightRoom.LightRoom to /Game/Levels/UEDPIE_0_LightRoom.LightRoom (0.003534s)
[2018.04.15-21.25.38:064][408]LogInit: XAudio2 using 'Headset Earphone (HyperX 7.1 Audio)' : 2 channels at 44.1 kHz using 16 bits per sample (channel mask 0x3)
[2018.04.15-21.25.38:072][408]LogInit: FAudioDevice initialized.
[2018.04.15-21.25.38:101][408]LogLoad: Game class is 'ThirdPersonGameMode_C'
[2018.04.15-21.25.38:102][408]LogWorld: Bringing World /Game/Levels/UEDPIE_0_LightRoom.LightRoom up for play (max tick rate 0) at 2018.04.15-16.25.38
[2018.04.15-21.25.38:103][408]LogWorld: Bringing up level for play took: 0.000873
[2018.04.15-21.25.38:105][408]PIE: Play in editor start time for /Game/Levels/UEDPIE_0_LightRoom -0.041
[2018.04.15-21.25.38:105][408]LogBlueprintUserMessages: Late PlayInEditor Detection: Level '/Game/Levels/LightRoom.LightRoom:PersistentLevel' has LevelScriptBlueprint '/Game/Levels/LightRoom.LightRoom:PersistentLevel.LightRoom' with GeneratedClass '/Game/Levels/LightRoom.LightRoom_C' with ClassGeneratedBy '/Game/Levels/LightRoom.LightRoom:PersistentLevel.LightRoom'
[2018.04.15-21.26.40:587][837]LogBlueprintUserMessages: Early EndPlayMap Detection: Level '/Game/Levels/LightRoom.LightRoom:PersistentLevel' has LevelScriptBlueprint '/Game/Levels/LightRoom.LightRoom:PersistentLevel.LightRoom' with GeneratedClass '/Game/Levels/LightRoom.LightRoom_C' with ClassGeneratedBy '/Game/Levels/LightRoom.LightRoom:PersistentLevel.LightRoom'
[2018.04.15-21.26.40:619][837]LogBlueprintUserMessages: Late EndPlayMap Detection: Level '/Game/Levels/LightRoom.LightRoom:PersistentLevel' has LevelScriptBlueprint '/Game/Levels/LightRoom.LightRoom:PersistentLevel.LightRoom' with GeneratedClass '/Game/Levels/LightRoom.LightRoom_C' with ClassGeneratedBy '/Game/Levels/LightRoom.LightRoom:PersistentLevel.LightRoom'
[2018.04.15-21.26.42:142][997]LogEditorViewport: Clicking on Actor (LMB): BP_Sky_Sphere_C (Sky Sphere)
[2018.04.15-21.26.51:366][ 14]LogEditorViewport: Clicking on Actor (LMB): BP_Sky_Sphere_C (Sky Sphere)
[2018.04.15-21.26.54:903][397]LogSlate: FSceneViewport::OnFocusLost() reason 0
[2018.04.15-21.28.08:211][906]LogSlate: Window 'Select Path' being destroyed
[2018.04.15-21.29.17:309][672]Cmd: TRANSACTION UNDO
[2018.04.15-21.29.17:309][672]LogEditorTransaction: Undo Add Node
[2018.04.15-21.30.13:179][351]BlueprintLog: New page: Compile LightRoom
[2018.04.15-21.30.17:656][798]BlueprintLog: New page: Compile LittleHouse_bp
[2018.04.15-21.30.19:295][910]Cmd: OBJ SAVEPACKAGE PACKAGE="/Game/Blueprints/LittleHouse_bp" FILE="C:/Users/troyn/Documents/Unreal Projects/UnrealTutorial/ProjectBlueprint/Content/Blueprints/LittleHouse_bp.uasset" SILENT=true
[2018.04.15-21.30.19:321][910]LogSavePackage: Save=24.53ms
[2018.04.15-21.30.19:321][910]LogSavePackage: Moving 'C:/Users/troyn/Documents/Unreal Projects/UnrealTutorial/ProjectBlueprint/Saved/LittleHouse_bpC70890AB44E082E6DE9B4388805FC8F3.tmp' to 'C:/Users/troyn/Documents/Unreal Projects/UnrealTutorial/ProjectBlueprint/Content/Blueprints/LittleHouse_bp.uasset'
[2018.04.15-21.30.19:323][910]LogSavePackage: Display: Finished SavePackage C:/Users/troyn/Documents/Unreal Projects/UnrealTutorial/ProjectBlueprint/Content/Blueprints/LittleHouse_bp.uasset
[2018.04.15-21.30.21:532][ 98]LogSavePackage: Save=107.97ms
[2018.04.15-21.30.21:532][ 98]LogSavePackage: Moving 'C:/Users/troyn/Documents/Unreal Projects/UnrealTutorial/ProjectBlueprint/Saved/LightRoom556A77CE4BE596F454F8BFAAB13643CD.tmp' to 'C:/Users/troyn/Documents/Unreal Projects/UnrealTutorial/ProjectBlueprint/Content/Levels/LightRoom.umap'
[2018.04.15-21.30.21:536][ 98]LogSavePackage: Display: Finished SavePackage C:/Users/troyn/Documents/Unreal Projects/UnrealTutorial/ProjectBlueprint/Content/Levels/LightRoom.umap
[2018.04.15-21.30.21:589][ 98]LogFileHelpers: Saving map 'LightRoom' took 0.272
[2018.04.15-21.30.25:775][541]LogTemp: Repeating last play command: Selected Viewport
[2018.04.15-21.30.25:788][541]LogBlueprintUserMessages: Early PlayInEditor Detection: Level '/Game/Levels/LightRoom.LightRoom:PersistentLevel' has LevelScriptBlueprint '/Game/Levels/LightRoom.LightRoom:PersistentLevel.LightRoom' with GeneratedClass '/Game/Levels/LightRoom.LightRoom_C' with ClassGeneratedBy '/Game/Levels/LightRoom.LightRoom:PersistentLevel.LightRoom'
[2018.04.15-21.30.25:788][541]LogPlayLevel: PlayLevel: No blueprints needed recompiling
[2018.04.15-21.30.25:788][541]PIE: New page: PIE session: LightRoom (Apr 15, 2018, 11:30:25 AM)
[2018.04.15-21.30.25:788][541]LogPlayLevel: Creating play world package: /Game/Levels/UEDPIE_0_LightRoom
[2018.04.15-21.30.25:791][541]LogPlayLevel: PIE: StaticDuplicateObject took: (0.002260s)
[2018.04.15-21.30.25:791][541]LogAIModule: Creating AISystem for world LightRoom
[2018.04.15-21.30.25:791][541]LogPlayLevel: PIE: World Init took: (0.000739s)
[2018.04.15-21.30.25:792][541]LogPlayLevel: PIE: Created PIE world by copying editor world from /Game/Levels/LightRoom.LightRoom to /Game/Levels/UEDPIE_0_LightRoom.LightRoom (0.003149s)
[2018.04.15-21.30.25:827][541]LogInit: XAudio2 using 'Headset Earphone (HyperX 7.1 Audio)' : 2 channels at 44.1 kHz using 16 bits per sample (channel mask 0x3)
[2018.04.15-21.30.25:835][541]LogInit: FAudioDevice initialized.
[2018.04.15-21.30.25:870][541]LogLoad: Game class is 'ThirdPersonGameMode_C'
[2018.04.15-21.30.25:871][541]LogWorld: Bringing World /Game/Levels/UEDPIE_0_LightRoom.LightRoom up for play (max tick rate 0) at 2018.04.15-16.30.25
[2018.04.15-21.30.25:871][541]LogWorld: Bringing up level for play took: 0.000929
[2018.04.15-21.30.25:873][541]PIE: Play in editor start time for /Game/Levels/UEDPIE_0_LightRoom -0.273
[2018.04.15-21.30.25:873][541]LogBlueprintUserMessages: Late PlayInEditor Detection: Level '/Game/Levels/LightRoom.LightRoom:PersistentLevel' has LevelScriptBlueprint '/Game/Levels/LightRoom.LightRoom:PersistentLevel.LightRoom' with GeneratedClass '/Game/Levels/LightRoom.LightRoom_C' with ClassGeneratedBy '/Game/Levels/LightRoom.LightRoom:PersistentLevel.LightRoom'
[2018.04.15-21.30.35:978][739]LogBlueprintUserMessages: Early EndPlayMap Detection: Level '/Game/Levels/LightRoom.LightRoom:PersistentLevel' has LevelScriptBlueprint '/Game/Levels/LightRoom.LightRoom:PersistentLevel.LightRoom' with GeneratedClass '/Game/Levels/LightRoom.LightRoom_C' with ClassGeneratedBy '/Game/Levels/LightRoom.LightRoom:PersistentLevel.LightRoom'
[2018.04.15-21.30.36:013][739]LogBlueprintUserMessages: Late EndPlayMap Detection: Level '/Game/Levels/LightRoom.LightRoom:PersistentLevel' has LevelScriptBlueprint '/Game/Levels/LightRoom.LightRoom:PersistentLevel.LightRoom' with GeneratedClass '/Game/Levels/LightRoom.LightRoom_C' with ClassGeneratedBy '/Game/Levels/LightRoom.LightRoom:PersistentLevel.LightRoom'
[2018.04.15-21.30.37:773][941]LogSlate: FSceneViewport::OnFocusLost() reason 0
[2018.04.15-21.30.38:041][955]LogSavePackage: Save=103.21ms
[2018.04.15-21.30.38:041][955]LogSavePackage: Moving 'C:/Users/troyn/Documents/Unreal Projects/UnrealTutorial/ProjectBlueprint/Saved/LightRoom2E532A3340E1C7CE75200882C89C8057.tmp' to 'C:/Users/troyn/Documents/Unreal Projects/UnrealTutorial/ProjectBlueprint/Content/Levels/LightRoom.umap'
[2018.04.15-21.30.38:044][955]LogSavePackage: Display: Finished SavePackage C:/Users/troyn/Documents/Unreal Projects/UnrealTutorial/ProjectBlueprint/Content/Levels/LightRoom.umap
[2018.04.15-21.30.38:060][955]Cmd: OBJ SAVEPACKAGE PACKAGE="/Game/Levels/LightRoom_BuiltData" FILE="C:/Users/troyn/Documents/Unreal Projects/UnrealTutorial/ProjectBlueprint/Content/Levels/LightRoom_BuiltData.uasset" SILENT=true
[2018.04.15-21.30.38:137][955]LogSavePackage: Save=72.00ms
[2018.04.15-21.30.38:137][955]LogSavePackage: Moving 'C:/Users/troyn/Documents/Unreal Projects/UnrealTutorial/ProjectBlueprint/Saved/LightRoom_BuiltData027575754228F544DDC6B8BD65D7AC09.tmp' to 'C:/Users/troyn/Documents/Unreal Projects/UnrealTutorial/ProjectBlueprint/Content/Levels/LightRoom_BuiltData.uasset'
[2018.04.15-21.30.38:139][955]LogSavePackage: Display: Finished SavePackage C:/Users/troyn/Documents/Unreal Projects/UnrealTutorial/ProjectBlueprint/Content/Levels/LightRoom_BuiltData.uasset
[2018.04.15-21.31.08:520][533]LogAIModule: Creating AISystem for world ThirdPersonExampleMap
[2018.04.15-21.31.08:616][533]Cmd: MAP LOAD FILE="C:/Users/troyn/Documents/Unreal Projects/UnrealTutorial/ProjectBlueprint/Content/ThirdPersonBP/Maps/ThirdPersonExampleMap.umap" TEMPLATE=0 SHOWPROGRESS=1 FEATURELEVEL=3
[2018.04.15-21.31.08:616][533]LightingResults: New page: Lighting Build
[2018.04.15-21.31.08:617][533]LoadErrors: New page: Loading map: ThirdPersonExampleMap.umap
[2018.04.15-21.31.08:647][533]MapCheck: New page: Map Check
[2018.04.15-21.31.08:647][533]LightingResults: New page: Lighting Build
[2018.04.15-21.31.08:672][533]LogEditorServer: Finished looking for orphan Actors (0.000 secs)
[2018.04.15-21.31.08:704][533]Cmd: MAP CHECKDEP NOCLEARLOG
[2018.04.15-21.31.08:777][533]MapCheck: Map check complete: 0 Error(s), 0 Warning(s), took 72.774ms to complete.
[2018.04.15-21.31.08:777][533]LogFileHelpers: Loading map 'ThirdPersonExampleMap' took 0.162
[2018.04.15-21.31.17:667][580]LogSlate: FSceneViewport::OnFocusLost() reason 0
[2018.04.15-21.32.08:489][107]LogEditorViewport: Clicking on Actor (LMB): LittleHouse_bp_C (LittleHouse_bp)
[2018.04.15-21.32.17:020][ 57]LogSlate: FSceneViewport::OnFocusLost() reason 0
[2018.04.15-21.32.21:841][536]LogSlate: FSceneViewport::OnFocusLost() reason 0
[2018.04.15-21.32.24:247][741]LogSlate: FSceneViewport::OnFocusLost() reason 0
[2018.04.15-21.32.29:301][238]LogSlate: FSceneViewport::OnFocusLost() reason 0
[2018.04.15-21.32.32:539][549]LogSlate: FSceneViewport::OnFocusLost() reason 0
[2018.04.15-21.32.32:626][559]LogTemp: Repeating last play command: Selected Viewport
[2018.04.15-21.32.32:643][559]LogBlueprintUserMessages: Early PlayInEditor Detection: Level '/Game/ThirdPersonBP/Maps/ThirdPersonExampleMap.ThirdPersonExampleMap:PersistentLevel' has LevelScriptBlueprint '/Game/ThirdPersonBP/Maps/ThirdPersonExampleMap.ThirdPersonExampleMap:PersistentLevel.ThirdPersonExampleMap' with GeneratedClass '/Game/ThirdPersonBP/Maps/ThirdPersonExampleMap.ThirdPersonExampleMap_C' with ClassGeneratedBy '/Game/ThirdPersonBP/Maps/ThirdPersonExampleMap.ThirdPersonExampleMap:PersistentLevel.ThirdPersonExampleMap'
[2018.04.15-21.32.32:643][559]LogPlayLevel: PlayLevel: No blueprints needed recompiling
[2018.04.15-21.32.32:643][559]PIE: New page: PIE session: ThirdPersonExampleMap (Apr 15, 2018, 11:32:32 AM)
[2018.04.15-21.32.32:643][559]LogPlayLevel: Creating play world package: /Game/ThirdPersonBP/Maps/UEDPIE_0_ThirdPersonExampleMap
[2018.04.15-21.32.32:658][559]LogPlayLevel: PIE: StaticDuplicateObject took: (0.014726s)
[2018.04.15-21.32.32:659][559]LogAIModule: Creating AISystem for world ThirdPersonExampleMap
[2018.04.15-21.32.32:659][559]LogPlayLevel: PIE: World Init took: (0.000871s)
[2018.04.15-21.32.32:659][559]LogPlayLevel: PIE: Created PIE world by copying editor world from /Game/ThirdPersonBP/Maps/ThirdPersonExampleMap.ThirdPersonExampleMap to /Game/ThirdPersonBP/Maps/UEDPIE_0_ThirdPersonExampleMap.ThirdPersonExampleMap (0.015830s)
[2018.04.15-21.32.32:729][559]LogInit: XAudio2 using 'Headset Earphone (HyperX 7.1 Audio)' : 2 channels at 44.1 kHz using 16 bits per sample (channel mask 0x3)
[2018.04.15-21.32.32:736][559]LogInit: FAudioDevice initialized.
[2018.04.15-21.32.32:770][559]LogLoad: Game class is 'ThirdPersonGameMode_C'
[2018.04.15-21.32.32:773][559]LogWorld: Bringing World /Game/ThirdPersonBP/Maps/UEDPIE_0_ThirdPersonExampleMap.ThirdPersonExampleMap up for play (max tick rate 0) at 2018.04.15-16.32.32
[2018.04.15-21.32.32:787][559]LogWorld: Bringing up level for play took: 0.016117
[2018.04.15-21.32.32:788][559]PIE: Play in editor start time for /Game/ThirdPersonBP/Maps/UEDPIE_0_ThirdPersonExampleMap 0.642
[2018.04.15-21.32.32:788][559]LogBlueprintUserMessages: Late PlayInEditor Detection: Level '/Game/ThirdPersonBP/Maps/ThirdPersonExampleMap.ThirdPersonExampleMap:PersistentLevel' has LevelScriptBlueprint '/Game/ThirdPersonBP/Maps/ThirdPersonExampleMap.ThirdPersonExampleMap:PersistentLevel.ThirdPersonExampleMap' with GeneratedClass '/Game/ThirdPersonBP/Maps/ThirdPersonExampleMap.ThirdPersonExampleMap_C' with ClassGeneratedBy '/Game/ThirdPersonBP/Maps/ThirdPersonExampleMap.ThirdPersonExampleMap:PersistentLevel.ThirdPersonExampleMap'
[2018.04.15-21.32.43:978][877]LogBlueprintUserMessages: Early EndPlayMap Detection: Level '/Game/ThirdPersonBP/Maps/ThirdPersonExampleMap.ThirdPersonExampleMap:PersistentLevel' has LevelScriptBlueprint '/Game/ThirdPersonBP/Maps/ThirdPersonExampleMap.ThirdPersonExampleMap:PersistentLevel.ThirdPersonExampleMap' with GeneratedClass '/Game/ThirdPersonBP/Maps/ThirdPersonExampleMap.ThirdPersonExampleMap_C' with ClassGeneratedBy '/Game/ThirdPersonBP/Maps/ThirdPersonExampleMap.ThirdPersonExampleMap:PersistentLevel.ThirdPersonExampleMap'
[2018.04.15-21.32.44:014][877]LogBlueprintUserMessages: Late EndPlayMap Detection: Level '/Game/ThirdPersonBP/Maps/ThirdPersonExampleMap.ThirdPersonExampleMap:PersistentLevel' has LevelScriptBlueprint '/Game/ThirdPersonBP/Maps/ThirdPersonExampleMap.ThirdPersonExampleMap:PersistentLevel.ThirdPersonExampleMap' with GeneratedClass '/Game/ThirdPersonBP/Maps/ThirdPersonExampleMap.ThirdPersonExampleMap_C' with ClassGeneratedBy '/Game/ThirdPersonBP/Maps/ThirdPersonExampleMap.ThirdPersonExampleMap:PersistentLevel.ThirdPersonExampleMap'
[2018.04.15-21.32.48:516][384]LogEditorViewport: Clicking on Actor (LMB): Light_BP_C (Light_BP)
[2018.04.15-21.33.02:936][938]LogSlate: FSceneViewport::OnFocusLost() reason 2
[2018.04.15-21.33.05:914][243]LogSlate: FSceneViewport::OnFocusLost() reason 2
[2018.04.15-21.33.06:146][243]LogSavePackage: Save=125.14ms
[2018.04.15-21.33.06:146][243]LogSavePackage: Moving 'C:/Users/troyn/Documents/Unreal Projects/UnrealTutorial/ProjectBlueprint/Saved/ThirdPersonExampleMapD3E6DE28481CE4BF99DBD88C73D16F56.tmp' to 'C:/Users/troyn/Documents/Unreal Projects/UnrealTutorial/ProjectBlueprint/Content/ThirdPersonBP/Maps/ThirdPersonExampleMap.umap'
[2018.04.15-21.33.06:150][243]LogSavePackage: Display: Finished SavePackage C:/Users/troyn/Documents/Unreal Projects/UnrealTutorial/ProjectBlueprint/Content/ThirdPersonBP/Maps/ThirdPersonExampleMap.umap
[2018.04.15-21.33.06:190][243]LogFileHelpers: Saving map 'ThirdPersonExampleMap' took 0.268
[2018.04.15-21.33.10:885][724]LogSlate: FSceneViewport::OnFocusLost() reason 0
[2018.04.15-21.33.57:204][878]LogSlate: Window 'LittleHouse_bp' being destroyed
[2018.04.15-21.33.57:263][878]LogSlate: Window 'ProjectBlueprint - Unreal Editor' being destroyed
[2018.04.15-21.33.57:264][878]LogWindowsTextInputMethodSystem: Display: IME system now deactivated.
[2018.04.15-21.33.57:264][878]LogWindowsTextInputMethodSystem: Display: IME system now deactivated.
[2018.04.15-21.33.57:486][879]Cmd: QUIT_EDITOR
[2018.04.15-21.33.58:439][879]LogSlate: Slate User Destroyed.  User Index 0, Is Virtual User: 0
[2018.04.15-21.33.58:439][879]LogExit: Preparing to exit.
[2018.04.15-21.33.59:208][879]LogExit: Editor shut down
[2018.04.15-21.33.59:212][879]LogExit: Transaction tracking system shut down
[2018.04.15-21.33.59:412][879]LogDirectoryWatcher: A directory notification for '../../../Engine/Content/' was aborted.
[2018.04.15-21.33.59:412][879]LogDirectoryWatcher: A directory notification for 'C:/Users/troyn/Documents/Unreal Projects/UnrealTutorial/ProjectBlueprint/Content/' was aborted.
[2018.04.15-21.33.59:412][879]LogDirectoryWatcher: A directory notification for '../../Plugins/2D/Paper2D/Content/' was aborted.
[2018.04.15-21.33.59:412][879]LogDirectoryWatcher: A directory notification for '../../Plugins/Enterprise/DatasmithContent/Content/' was aborted.
[2018.04.15-21.33.59:412][879]LogDirectoryWatcher: A directory notification for '../../Plugins/Media/MediaCompositing/Content/' was aborted.
[2018.04.15-21.33.59:412][879]LogDirectoryWatcher: A directory notification for '../../Plugins/Runtime/AppleARKit/Content/' was aborted.
[2018.04.15-21.33.59:412][879]LogDirectoryWatcher: A directory notification for '../../Plugins/Runtime/Oculus/OculusVR/Content/' was aborted.
[2018.04.15-21.33.59:412][879]LogDirectoryWatcher: A directory notification for '../../Plugins/Runtime/Steam/SteamVR/Content/' was aborted.
[2018.04.15-21.33.59:510][879]LogExit: Object subsystem successfully closed.
[2018.04.15-21.33.59:529][879]LogShaderCompilers: Display: Shaders left to compile 0
[2018.04.15-21.33.59:533][879]LogD3D11RHI: Shutdown
[2018.04.15-21.33.59:533][879]LogD3D11RHI: CleanupD3DDevice
[2018.04.15-21.33.59:536][879]LogD3D11RHI: ~FD3D11DynamicRHI
[2018.04.15-21.33.59:550][879]LogModuleManager: Shutting down and abandoning module MovieSceneCapture (578)
[2018.04.15-21.33.59:550][879]LogModuleManager: Shutting down and abandoning module BlueprintGraph (576)
[2018.04.15-21.33.59:550][879]LogModuleManager: Shutting down and abandoning module HierarchicalLODOutliner (574)
[2018.04.15-21.33.59:551][879]LogModuleManager: Shutting down and abandoning module SceneOutliner (572)
[2018.04.15-21.33.59:551][879]LogModuleManager: Shutting down and abandoning module AddContentDialog (570)
[2018.04.15-21.33.59:560][879]LogDirectoryWatcher: A directory notification for 'D:/Misc Games/Epic Games/Fortnite/UE_4.19/FeaturePacks/' was aborted.
[2018.04.15-21.33.59:561][879]LogModuleManager: Shutting down and abandoning module WidgetCarousel (569)
[2018.04.15-21.33.59:561][879]LogModuleManager: Shutting down and abandoning module EditorWidgets (566)
[2018.04.15-21.33.59:561][879]LogModuleManager: Shutting down and abandoning module CollectionManager (564)
[2018.04.15-21.33.59:561][879]LogDirectoryWatcher: A directory notification for 'C:/Users/troyn/Documents/Unreal Projects/UnrealTutorial/ProjectBlueprint/Content/Collections/' was aborted.
[2018.04.15-21.33.59:561][879]LogDirectoryWatcher: A directory notification for 'C:/Users/troyn/Documents/Unreal Projects/UnrealTutorial/ProjectBlueprint/Content/Developers/troyn/Collections/' was aborted.
[2018.04.15-21.33.59:561][879]LogDirectoryWatcher: A directory notification for 'C:/Users/troyn/Documents/Unreal Projects/UnrealTutorial/ProjectBlueprint/Saved/Collections/' was aborted.
[2018.04.15-21.33.59:562][879]LogModuleManager: Shutting down and abandoning module StatsViewer (562)
[2018.04.15-21.33.59:562][879]LogModuleManager: Shutting down and abandoning module FoliageEdit (560)
[2018.04.15-21.33.59:562][879]LogModuleManager: Shutting down and abandoning module LandscapeEditor (558)
[2018.04.15-21.33.59:562][879]LogModuleManager: Shutting down and abandoning module MeshPaintMode (556)
[2018.04.15-21.33.59:562][879]LogModuleManager: Shutting down and abandoning module SceneDepthPickerMode (554)
[2018.04.15-21.33.59:562][879]LogModuleManager: Shutting down and abandoning module ActorPickerMode (552)
[2018.04.15-21.33.59:562][879]LogModuleManager: Shutting down and abandoning module GeometryMode (550)
[2018.04.15-21.33.59:562][879]LogModuleManager: Shutting down and abandoning module TextureAlignMode (548)
[2018.04.15-21.33.59:562][879]LogModuleManager: Shutting down and abandoning module BspMode (546)
[2018.04.15-21.33.59:562][879]LogModuleManager: Shutting down and abandoning module PIEPreviewDeviceProfileSelector (544)
[2018.04.15-21.33.59:562][879]LogModuleManager: Shutting down and abandoning module HardwareSurvey (542)
[2018.04.15-21.33.59:562][879]LogModuleManager: Shutting down and abandoning module SequenceRecorderSections (540)
[2018.04.15-21.33.59:562][879]LogModuleManager: Shutting down and abandoning module AutomationWorker (538)
[2018.04.15-21.33.59:562][879]LogModuleManager: Shutting down and abandoning module AudioCaptureEditor (536)
[2018.04.15-21.33.59:562][879]LogModuleManager: Shutting down and abandoning module SequenceRecorder (535)
[2018.04.15-21.33.59:562][879]LogModuleManager: Shutting down and abandoning module MatineeToLevelSequence (532)
[2018.04.15-21.33.59:562][879]LogModuleManager: Shutting down and abandoning module LevelSequenceEditor (530)
[2018.04.15-21.33.59:562][879]LogModuleManager: Shutting down and abandoning module PlacementMode (529)
[2018.04.15-21.33.59:562][879]LogModuleManager: Shutting down and abandoning module MaterialEditor (528)
[2018.04.15-21.33.59:562][879]LogModuleManager: Shutting down and abandoning module WmfMediaFactory (524)
[2018.04.15-21.33.59:562][879]LogModuleManager: Shutting down and abandoning module WmfMediaEditor (522)
[2018.04.15-21.33.59:562][879]LogModuleManager: Shutting down and abandoning module MediaPlayerEditor (520)
[2018.04.15-21.33.59:562][879]LogModuleManager: Shutting down and abandoning module OpenExrWrapper (518)
[2018.04.15-21.33.59:562][879]LogModuleManager: Shutting down and abandoning module ImgMediaFactory (516)
[2018.04.15-21.33.59:562][879]LogModuleManager: Shutting down and abandoning module ImgMediaEditor (514)
[2018.04.15-21.33.59:562][879]LogModuleManager: Shutting down and abandoning module AvfMediaFactory (512)
[2018.04.15-21.33.59:562][879]LogModuleManager: Shutting down and abandoning module AvfMediaEditor (510)
[2018.04.15-21.33.59:562][879]LogModuleManager: Shutting down and abandoning module AndroidMediaFactory (508)
[2018.04.15-21.33.59:562][879]LogModuleManager: Shutting down and abandoning module AndroidMediaEditor (506)
[2018.04.15-21.33.59:562][879]LogModuleManager: Shutting down and abandoning module CharacterAI (504)
[2018.04.15-21.33.59:562][879]LogModuleManager: Shutting down and abandoning module SmartSnapping (502)
[2018.04.15-21.33.59:562][879]LogModuleManager: Shutting down and abandoning module SessionServices (500)
[2018.04.15-21.33.59:563][879]LogModuleManager: Shutting down and abandoning module ViewportSnapping (498)
[2018.04.15-21.33.59:563][879]LogModuleManager: Shutting down and abandoning module ViewportInteraction (496)
[2018.04.15-21.33.59:563][879]LogModuleManager: Shutting down and abandoning module ClothPainter (494)
[2018.04.15-21.33.59:563][879]LogModuleManager: Shutting down and abandoning module SkeletalMeshEditor (493)
[2018.04.15-21.33.59:563][879]LogModuleManager: Shutting down and abandoning module LogVisualizer (490)
[2018.04.15-21.33.59:563][879]LogModuleManager: Shutting down and abandoning module IntroTutorials (488)
[2018.04.15-21.33.59:563][879]LogModuleManager: Shutting down and abandoning module GameProjectGeneration (487)
[2018.04.15-21.33.59:563][879]LogModuleManager: Shutting down and abandoning module IOSPlatformEditor (484)
[2018.04.15-21.33.59:563][879]LogModuleManager: Shutting down and abandoning module HTML5PlatformEditor (482)
[2018.04.15-21.33.59:563][879]LogModuleManager: Shutting down and abandoning module AndroidPlatformEditor (480)
[2018.04.15-21.33.59:563][879]LogModuleManager: Shutting down and abandoning module AndroidDeviceDetection (479)
[2018.04.15-21.34.00:371][879]LogModuleManager: Shutting down and abandoning module WindowsPlatformEditor (476)
[2018.04.15-21.34.00:371][879]LogModuleManager: Shutting down and abandoning module IOSRuntimeSettings (474)
[2018.04.15-21.34.00:371][879]LogModuleManager: Shutting down and abandoning module AndroidRuntimeSettings (472)
[2018.04.15-21.34.00:371][879]LogModuleManager: Shutting down and abandoning module InputBindingEditor (470)
[2018.04.15-21.34.00:371][879]LogModuleManager: Shutting down and abandoning module MergeActors (468)
[2018.04.15-21.34.00:371][879]LogModuleManager: Shutting down and abandoning module LocalizationDashboard (466)
[2018.04.15-21.34.00:371][879]LogModuleManager: Shutting down and abandoning module LocalizationService (465)
[2018.04.15-21.34.00:371][879]LogModuleManager: Shutting down and abandoning module HardwareTargeting (462)
[2018.04.15-21.34.00:371][879]LogModuleManager: Shutting down and abandoning module DeviceProfileEditor (460)
[2018.04.15-21.34.00:371][879]LogModuleManager: Shutting down and abandoning module UndoHistory (458)
[2018.04.15-21.34.00:371][879]LogModuleManager: Shutting down and abandoning module XmlParser (456)
[2018.04.15-21.34.00:371][879]LogModuleManager: Shutting down and abandoning module Blutility (454)
[2018.04.15-21.34.00:371][879]LogModuleManager: Shutting down and abandoning module ProjectSettingsViewer (452)
[2018.04.15-21.34.00:372][879]LogModuleManager: Shutting down and abandoning module ProjectTargetPlatformEditor (451)
[2018.04.15-21.34.00:372][879]LogModuleManager: Shutting down and abandoning module EditorSettingsViewer (448)
[2018.04.15-21.34.00:372][879]LogModuleManager: Shutting down and abandoning module SettingsEditor (446)
[2018.04.15-21.34.00:372][879]LogModuleManager: Shutting down and abandoning module ProjectLauncher (444)
[2018.04.15-21.34.00:372][879]LogModuleManager: Shutting down and abandoning module SessionFrontend (442)
[2018.04.15-21.34.00:372][879]LogModuleManager: Shutting down and abandoning module ProfilerClient (440)
[2018.04.15-21.34.00:372][879]LogModuleManager: Shutting down and abandoning module DeviceManager (438)
[2018.04.15-21.34.00:372][879]LogModuleManager: Shutting down and abandoning module TargetDeviceServices (437)
[2018.04.15-21.34.00:426][879]LogModuleManager: Shutting down and abandoning module AutomationController (434)
[2018.04.15-21.34.00:426][879]LogModuleManager: Shutting down and abandoning module AutomationWindow (432)
[2018.04.15-21.34.00:426][879]LogModuleManager: Shutting down and abandoning module Layers (430)
[2018.04.15-21.34.00:426][879]LogModuleManager: Shutting down and abandoning module ComponentVisualizers (428)
[2018.04.15-21.34.00:426][879]LogModuleManager: Shutting down and abandoning module DetailCustomizations (426)
[2018.04.15-21.34.00:426][879]LogModuleManager: Shutting down and abandoning module PackagesDialog (424)
[2018.04.15-21.34.00:426][879]LogModuleManager: Shutting down and abandoning module Persona (422)
[2018.04.15-21.34.00:426][879]LogModuleManager: Shutting down and abandoning module AdvancedPreviewScene (421)
[2018.04.15-21.34.00:426][879]LogModuleManager: Shutting down and abandoning module AnimGraph (419)
[2018.04.15-21.34.00:426][879]LogModuleManager: Shutting down and abandoning module Kismet (416)
[2018.04.15-21.34.00:433][879]LogModuleManager: Shutting down and abandoning module GraphEditor (414)
[2018.04.15-21.34.00:433][879]LogModuleManager: Shutting down and abandoning module ClassViewer (412)
[2018.04.15-21.34.00:433][879]LogModuleManager: Shutting down and abandoning module Toolbox (410)
[2018.04.15-21.34.00:433][879]LogModuleManager: Shutting down and abandoning module ModuleUI (408)
[2018.04.15-21.34.00:433][879]LogModuleManager: Shutting down and abandoning module MovieSceneTools (406)
[2018.04.15-21.34.00:433][879]LogModuleManager: Shutting down and abandoning module OutputLog (404)
[2018.04.15-21.34.00:433][879]LogModuleManager: Shutting down and abandoning module GammaUI (402)
[2018.04.15-21.34.00:433][879]LogModuleManager: Shutting down and abandoning module Documentation (400)
[2018.04.15-21.34.00:433][879]LogModuleManager: Shutting down and abandoning module MovieSceneTracks (398)
[2018.04.15-21.34.00:433][879]LogModuleManager: Shutting down and abandoning module MovieScene (396)
[2018.04.15-21.34.00:433][879]LogModuleManager: Shutting down and abandoning module StreamingPauseRendering (394)
[2018.04.15-21.34.00:433][879]LogModuleManager: Shutting down and abandoning module LauncherPlatform (392)
[2018.04.15-21.34.00:433][879]LogModuleManager: Shutting down and abandoning module AnalyticsET (390)
[2018.04.15-21.34.00:433][879]LogModuleManager: Shutting down and abandoning module PortalServices (388)
[2018.04.15-21.34.00:433][879]LogModuleManager: Shutting down and abandoning module PortalRpc (386)
[2018.04.15-21.34.00:433][879]LogModuleManager: Shutting down and abandoning module MessagingRpc (384)
[2018.04.15-21.34.00:433][879]LogModuleManager: Shutting down and abandoning module AIModule (382)
[2018.04.15-21.34.00:433][879]LogModuleManager: Shutting down and abandoning module GameplayDebugger (381)
[2018.04.15-21.34.00:433][879]LogModuleManager: Shutting down and abandoning module AITestSuite (379)
[2018.04.15-21.34.00:433][879]LogModuleManager: Shutting down and abandoning module DesktopPlatform (376)
[2018.04.15-21.34.00:433][879]LogModuleManager: Shutting down and abandoning module ProfilerService (374)
[2018.04.15-21.34.00:486][879]LogModuleManager: Shutting down and abandoning module TaskGraph (372)
[2018.04.15-21.34.00:486][879]LogModuleManager: Shutting down and abandoning module SteamVRController (370)
[2018.04.15-21.34.00:486][879]LogModuleManager: Shutting down and abandoning module ProceduralMeshComponentEditor (368)
[2018.04.15-21.34.00:486][879]LogModuleManager: Shutting down and abandoning module ProceduralMeshComponent (366)
[2018.04.15-21.34.00:486][879]LogModuleManager: Shutting down and abandoning module OculusInput (364)
[2018.04.15-21.34.00:486][879]LogModuleManager: Shutting down and abandoning module MobilePatchingUtils (362)
[2018.04.15-21.34.00:486][879]LogModuleManager: Shutting down and abandoning module CustomMeshComponent (360)
[2018.04.15-21.34.00:486][879]LogModuleManager: Shutting down and abandoning module CableComponent (358)
[2018.04.15-21.34.00:486][879]LogModuleManager: Shutting down and abandoning module AudioCapture (356)
[2018.04.15-21.34.00:486][879]LogModuleManager: Shutting down and abandoning module ArchVisCharacter (354)
[2018.04.15-21.34.00:486][879]LogModuleManager: Shutting down and abandoning module AndroidPermission (352)
[2018.04.15-21.34.00:486][879]LogModuleManager: Shutting down and abandoning module NUTUnrealEngine4 (348)
[2018.04.15-21.34.00:486][879]LogModuleManager: Shutting down and abandoning module NetcodeUnitTest (346)
[2018.04.15-21.34.00:486][879]LogModuleManager: Shutting down and abandoning module MediaCompositingEditor (344)
[2018.04.15-21.34.00:486][879]LogModuleManager: Shutting down and abandoning module MediaCompositing (342)
[2018.04.15-21.34.00:486][879]LogModuleManager: Shutting down and abandoning module LinearTimecode (340)
[2018.04.15-21.34.00:486][879]LogModuleManager: Shutting down and abandoning module ImgMedia (338)
[2018.04.15-21.34.00:489][879]LogModuleManager: Shutting down and abandoning module HTML5Networking (336)
[2018.04.15-21.34.00:489][879]LogModuleManager: Shutting down and abandoning module AlembicImporter (334)
[2018.04.15-21.34.00:489][879]LogModuleManager: Shutting down and abandoning module AlembicLibrary (333)
[2018.04.15-21.34.00:489][879]LogModuleManager: Shutting down and abandoning module GeometryCache (332)
[2018.04.15-21.34.00:489][879]LogModuleManager: Shutting down and abandoning module GeometryCacheEd (331)
[2018.04.15-21.34.00:489][879]LogModuleManager: Shutting down and abandoning module DatasmithContent (326)
[2018.04.15-21.34.00:489][879]LogModuleManager: Shutting down and abandoning module SpeedTreeImporter (324)
[2018.04.15-21.34.00:489][879]LogModuleManager: Shutting down and abandoning module PluginBrowser (322)
[2018.04.15-21.34.00:489][879]LogModuleManager: Shutting down and abandoning module MobileLauncherProfileWizard (320)
[2018.04.15-21.34.00:489][879]LogModuleManager: Shutting down and abandoning module CryptoKeysOpenSSL (318)
[2018.04.15-21.34.00:489][879]LogModuleManager: Shutting down and abandoning module CryptoKeys (316)
[2018.04.15-21.34.00:489][879]LogModuleManager: Shutting down and abandoning module VisualStudioSourceCodeAccess (314)
[2018.04.15-21.34.00:489][879]LogModuleManager: Shutting down and abandoning module VisualStudioCodeSourceCodeAccess (312)
[2018.04.15-21.34.00:489][879]LogModuleManager: Shutting down and abandoning module UObjectPlugin (310)
[2018.04.15-21.34.00:489][879]LogModuleManager: Shutting down and abandoning module SubversionSourceControl (308)
[2018.04.15-21.34.00:489][879]LogModuleManager: Shutting down and abandoning module PerforceSourceControl (306)
[2018.04.15-21.34.00:489][879]LogModuleManager: Shutting down and abandoning module GitSourceControl (304)
[2018.04.15-21.34.00:489][879]LogModuleManager: Shutting down and abandoning module SourceControl (303)
[2018.04.15-21.34.00:490][879]LogModuleManager: Shutting down and abandoning module CLionSourceCodeAccess (300)
[2018.04.15-21.34.00:490][879]LogModuleManager: Shutting down and abandoning module LightPropagationVolumeEditor (298)
[2018.04.15-21.34.00:490][879]LogModuleManager: Shutting down and abandoning module PaperTiledImporter (296)
[2018.04.15-21.34.00:490][879]LogModuleManager: Shutting down and abandoning module PaperSpriteSheetImporter (294)
[2018.04.15-21.34.00:490][879]LogModuleManager: Shutting down and abandoning module Paper2DEditor (292)
[2018.04.15-21.34.00:490][879]LogModuleManager: Shutting down and abandoning module MeshPaint (291)
[2018.04.15-21.34.00:490][879]LogModuleManager: Shutting down and abandoning module RuntimePhysXCooking (288)
[2018.04.15-21.34.00:490][879]LogModuleManager: Shutting down and abandoning module PhysXVehiclesEditor (286)
[2018.04.15-21.34.00:490][879]LogModuleManager: Shutting down and abandoning module PhysXVehicles (284)
[2018.04.15-21.34.00:490][879]LogModuleManager: Shutting down and abandoning module OculusEditor (282)
[2018.04.15-21.34.00:490][879]LogModuleManager: Shutting down and abandoning module LocationServicesBPLibrary (280)
[2018.04.15-21.34.00:490][879]LogModuleManager: Shutting down and abandoning module ImmediatePhysicsEditor (278)
[2018.04.15-21.34.00:490][879]LogModuleManager: Shutting down and abandoning module ImmediatePhysics (276)
[2018.04.15-21.34.00:490][879]LogModuleManager: Shutting down and abandoning module ActorSequence (274)
[2018.04.15-21.34.00:490][879]LogModuleManager: Shutting down and abandoning module UdpMessaging (272)
[2018.04.15-21.34.00:590][879]LogModuleManager: Shutting down and abandoning module TcpMessaging (270)
[2018.04.15-21.34.00:691][879]LogModuleManager: Shutting down and abandoning module GameplayTagsEditor (268)
[2018.04.15-21.34.00:691][879]LogModuleManager: Shutting down and abandoning module FacialAnimationEditor (266)
[2018.04.15-21.34.00:691][879]LogModuleManager: Shutting down and abandoning module FacialAnimation (264)
[2018.04.15-21.34.00:691][879]LogModuleManager: Shutting down and abandoning module DataValidation (262)
[2018.04.15-21.34.00:691][879]LogModuleManager: Shutting down and abandoning module AssetManagerEditor (260)
[2018.04.15-21.34.00:691][879]LogModuleManager: Shutting down and abandoning module LevelEditor (259)
[2018.04.15-21.34.00:692][879]LogModuleManager: Shutting down and abandoning module PixelInspectorModule (258)
[2018.04.15-21.34.00:692][879]LogModuleManager: Shutting down and abandoning module CommonMenuExtensions (256)
[2018.04.15-21.34.00:692][879]LogModuleManager: Shutting down and abandoning module MainFrame (254)
[2018.04.15-21.34.00:692][879]LogModuleManager: Shutting down and abandoning module HotReload (253)
[2018.04.15-21.34.00:693][879]LogModuleManager: Shutting down and abandoning module ContentBrowser (249)
[2018.04.15-21.34.00:694][879]LogModuleManager: Shutting down and abandoning module TreeMap (247)
[2018.04.15-21.34.00:694][879]LogModuleManager: Shutting down and abandoning module LightPropagationVolumeRuntime (244)
[2018.04.15-21.34.00:694][879]LogModuleManager: Shutting down and abandoning module LiveLinkEditor (242)
[2018.04.15-21.34.00:694][879]LogModuleManager: Shutting down and abandoning module LiveLink (240)
[2018.04.15-21.34.00:816][879]LogModuleManager: Shutting down and abandoning module Paper2D (238)
[2018.04.15-21.34.00:816][879]LogModuleManager: Shutting down and abandoning module WindowsMoviePlayer (236)
[2018.04.15-21.34.00:816][879]LogModuleManager: Shutting down and abandoning module WmfMedia (234)
[2018.04.15-21.34.00:817][879]LogModuleManager: Shutting down and abandoning module Media (233)
[2018.04.15-21.34.00:824][879]LogModuleManager: Shutting down and abandoning module PacketHandler (230)
[2018.04.15-21.34.00:824][879]LogModuleManager: Shutting down and abandoning module ClothingSystemEditor (228)
[2018.04.15-21.34.00:824][879]LogModuleManager: Shutting down and abandoning module ClothingSystemRuntime (226)
[2018.04.15-21.34.00:824][879]LogModuleManager: Shutting down and abandoning module MediaAssets (224)
[2018.04.15-21.34.00:824][879]LogModuleManager: Shutting down and abandoning module Overlay (222)
[2018.04.15-21.34.00:824][879]LogModuleManager: Shutting down and abandoning module OverlayEditor (221)
[2018.04.15-21.34.00:824][879]LogModuleManager: Shutting down and abandoning module VREditor (218)
[2018.04.15-21.34.00:824][879]LogModuleManager: Shutting down and abandoning module StringTableEditor (216)
[2018.04.15-21.34.00:824][879]LogModuleManager: Shutting down and abandoning module GameplayTasksEditor (214)
[2018.04.15-21.34.00:824][879]LogModuleManager: Shutting down and abandoning module BehaviorTreeEditor (212)
[2018.04.15-21.34.00:824][879]LogModuleManager: Shutting down and abandoning module FunctionalTesting (210)
[2018.04.15-21.34.00:824][879]LogModuleManager: Shutting down and abandoning module CollisionAnalyzer (208)
[2018.04.15-21.34.00:824][879]LogModuleManager: Shutting down and abandoning module WorkspaceMenuStructure (207)
[2018.04.15-21.34.00:824][879]LogModuleManager: Shutting down and abandoning module UMG (204)
[2018.04.15-21.34.00:824][879]LogModuleManager: Shutting down and abandoning module UMGEditor (203)
[2018.04.15-21.34.00:824][879]LogModuleManager: Shutting down and abandoning module Sequencer (202)
[2018.04.15-21.34.00:824][879]LogModuleManager: Shutting down and abandoning module MessageLog (199)
[2018.04.15-21.34.00:824][879]LogModuleManager: Shutting down and abandoning module SlateReflector (194)
[2018.04.15-21.34.00:824][879]LogModuleManager: Shutting down and abandoning module Slate (192)
[2018.04.15-21.34.00:824][879]LogModuleManager: Shutting down and abandoning module EditorStyle (190)
[2018.04.15-21.34.00:826][879]LogModuleManager: Shutting down and abandoning module MRMesh (188)
[2018.04.15-21.34.00:826][879]LogModuleManager: Shutting down and abandoning module SourceCodeAccess (186)
[2018.04.15-21.34.00:826][879]LogModuleManager: Shutting down and abandoning module HeadMountedDisplay (184)
[2018.04.15-21.34.00:826][879]LogModuleManager: Shutting down and abandoning module XAudio2 (182)
[2018.04.15-21.34.00:826][879]LogModuleManager: Shutting down and abandoning module Networking (180)
[2018.04.15-21.34.00:826][879]LogModuleManager: Shutting down and abandoning module Core (178)
[2018.04.15-21.34.00:826][879]LogModuleManager: Shutting down and abandoning module LevelSequence (176)
[2018.04.15-21.34.00:826][879]LogModuleManager: Shutting down and abandoning module KismetCompiler (174)
[2018.04.15-21.34.00:826][879]LogModuleManager: Shutting down and abandoning module MeshUtilities (172)
[2018.04.15-21.34.00:826][879]LogModuleManager: Shutting down and abandoning module MeshMergeUtilities (171)
[2018.04.15-21.34.00:826][879]LogModuleManager: Shutting down and abandoning module MeshReductionInterface (170)
[2018.04.15-21.34.00:826][879]LogModuleManager: Shutting down and abandoning module SimplygonSwarm (169)
[2018.04.15-21.34.00:826][879]LogModuleManager: Shutting down and abandoning module SimplygonMeshReduction (167)
[2018.04.15-21.34.00:826][879]LogModuleManager: Shutting down and abandoning module QuadricMeshReduction (165)
[2018.04.15-21.34.00:826][879]LogModuleManager: Shutting down and abandoning module MaterialBaking (161)
[2018.04.15-21.34.00:826][879]LogModuleManager: Shutting down and abandoning module DirectoryWatcher (157)
[2018.04.15-21.34.00:827][879]LogModuleManager: Shutting down and abandoning module DerivedDataCache (154)
[2018.04.15-21.34.00:892][879]LogDerivedDataCache: Shutdown
[2018.04.15-21.34.00:892][879]LogModuleManager: Shutting down and abandoning module XGEController (152)
[2018.04.15-21.34.00:892][879]LogModuleManager: Shutting down and abandoning module TargetPlatform (150)
[2018.04.15-21.34.00:892][879]LogModuleManager: Shutting down and abandoning module VulkanShaderFormat (149)
[2018.04.15-21.34.00:892][879]LogModuleManager: Shutting down and abandoning module ShaderFormatVectorVM (147)
[2018.04.15-21.34.00:892][879]LogModuleManager: Shutting down and abandoning module ShaderFormatOpenGL (145)
[2018.04.15-21.34.00:892][879]LogModuleManager: Shutting down and abandoning module ShaderFormatD3D (143)
[2018.04.15-21.34.00:892][879]LogModuleManager: Shutting down and abandoning module MetalShaderFormat (141)
[2018.04.15-21.34.00:892][879]LogModuleManager: Shutting down and abandoning module TextureFormatUncompressed (139)
[2018.04.15-21.34.00:892][879]LogModuleManager: Shutting down and abandoning module TextureFormatPVR (137)
[2018.04.15-21.34.00:892][879]LogModuleManager: Shutting down and abandoning module TextureFormatDXT (135)
[2018.04.15-21.34.00:892][879]LogModuleManager: Shutting down and abandoning module TextureFormatIntelISPCTexComp (133)
[2018.04.15-21.34.00:892][879]LogModuleManager: Shutting down and abandoning module TextureFormatASTC (131)
[2018.04.15-21.34.00:892][879]LogModuleManager: Shutting down and abandoning module ImageWrapper (130)
[2018.04.15-21.34.00:892][879]LogModuleManager: Shutting down and abandoning module TextureFormatAndroid (127)
[2018.04.15-21.34.00:892][879]LogModuleManager: Shutting down and abandoning module AudioFormatOpus (125)
[2018.04.15-21.34.00:892][879]LogModuleManager: Shutting down and abandoning module AudioFormatOgg (123)
[2018.04.15-21.34.00:892][879]LogModuleManager: Shutting down and abandoning module AudioFormatADPCM (121)
[2018.04.15-21.34.00:892][879]LogModuleManager: Shutting down and abandoning module LinuxTargetPlatform (119)
[2018.04.15-21.34.00:892][879]LogModuleManager: Shutting down and abandoning module LinuxServerTargetPlatform (117)
[2018.04.15-21.34.00:892][879]LogModuleManager: Shutting down and abandoning module LinuxNoEditorTargetPlatform (115)
[2018.04.15-21.34.00:892][879]LogModuleManager: Shutting down and abandoning module LinuxClientTargetPlatform (113)
[2018.04.15-21.34.00:892][879]LogModuleManager: Shutting down and abandoning module TVOSTargetPlatform (111)
[2018.04.15-21.34.00:892][879]LogModuleManager: Shutting down and abandoning module Messaging (109)
[2018.04.15-21.34.00:892][879]LogModuleManager: Shutting down and abandoning module IOSTargetPlatform (107)
[2018.04.15-21.34.00:892][879]LogModuleManager: Shutting down and abandoning module HTML5TargetPlatform (105)
[2018.04.15-21.34.00:892][879]LogModuleManager: Shutting down and abandoning module AndroidTargetPlatform (103)
[2018.04.15-21.34.00:892][879]LogModuleManager: Shutting down and abandoning module Android_PVRTCTargetPlatform (101)
[2018.04.15-21.34.00:892][879]LogModuleManager: Shutting down and abandoning module Android_MultiTargetPlatform (99)
[2018.04.15-21.34.00:892][879]LogModuleManager: Shutting down and abandoning module Android_ETC2TargetPlatform (97)
[2018.04.15-21.34.00:892][879]LogModuleManager: Shutting down and abandoning module Android_ETC1TargetPlatform (95)
[2018.04.15-21.34.00:892][879]LogModuleManager: Shutting down and abandoning module Android_ETC1aTargetPlatform (93)
[2018.04.15-21.34.00:892][879]LogModuleManager: Shutting down and abandoning module Android_DXTTargetPlatform (91)
[2018.04.15-21.34.00:892][879]LogModuleManager: Shutting down and abandoning module Android_ATCTargetPlatform (89)
[2018.04.15-21.34.00:892][879]LogModuleManager: Shutting down and abandoning module Android_ASTCTargetPlatform (87)
[2018.04.15-21.34.00:892][879]LogModuleManager: Shutting down and abandoning module WindowsTargetPlatform (85)
[2018.04.15-21.34.00:892][879]LogModuleManager: Shutting down and abandoning module WindowsServerTargetPlatform (83)
[2018.04.15-21.34.00:893][879]LogModuleManager: Shutting down and abandoning module WindowsNoEditorTargetPlatform (81)
[2018.04.15-21.34.00:893][879]LogModuleManager: Shutting down and abandoning module WindowsClientTargetPlatform (79)
[2018.04.15-21.34.00:893][879]LogModuleManager: Shutting down and abandoning module MacTargetPlatform (77)
[2018.04.15-21.34.00:893][879]LogModuleManager: Shutting down and abandoning module MacServerTargetPlatform (75)
[2018.04.15-21.34.00:893][879]LogModuleManager: Shutting down and abandoning module MacNoEditorTargetPlatform (73)
[2018.04.15-21.34.00:893][879]LogModuleManager: Shutting down and abandoning module MacClientTargetPlatform (71)
[2018.04.15-21.34.00:893][879]LogModuleManager: Shutting down and abandoning module AllDesktopTargetPlatform (69)
[2018.04.15-21.34.00:893][879]LogModuleManager: Shutting down and abandoning module InputCore (66)
[2018.04.15-21.34.00:893][879]LogModuleManager: Shutting down and abandoning module Settings (64)
[2018.04.15-21.34.00:893][879]LogModuleManager: Shutting down and abandoning module PhysXCooking (62)
[2018.04.15-21.34.00:893][879]LogModuleManager: Shutting down and abandoning module SteamVR (60)
[2018.04.15-21.34.00:893][879]LogModuleManager: Shutting down and abandoning module OculusHMD (58)
[2018.04.15-21.34.00:893][879]LogModuleManager: Shutting down and abandoning module ExampleDeviceProfileSelector (56)
[2018.04.15-21.34.00:893][879]LogModuleManager: Shutting down and abandoning module AppleARKit (54)
[2018.04.15-21.34.00:893][879]LogModuleManager: Shutting down and abandoning module AugmentedReality (51)
[2018.04.15-21.34.00:893][879]LogModuleManager: Shutting down and abandoning module OnlineBlueprintSupport (48)
[2018.04.15-21.34.00:893][879]LogModuleManager: Shutting down and abandoning module OnlineSubsystem (44)
[2018.04.15-21.34.00:893][879]LogModuleManager: Shutting down and abandoning module XMPP (43)
[2018.04.15-21.34.00:893][879]LogModuleManager: Shutting down and abandoning module HTTP (41)
[2018.04.15-21.34.00:893][879]LogHttp: Display: Http module shutting down, but needs to wait on 1 outstanding Http requests:
[2018.04.15-21.34.00:893][879]LogHttp: Display: 	verb=[POST] url=[https://datarouter.ol.epicgames.com/datarouter/api/v1/public/data?SessionID=%7BDF27BC93-4F73-DB91-95DB-ADA20207F7BB%7D&AppID=UEEditor.Rocket.Release&AppVersion=4.19.1-3989454%2B%2B%2BUE4%2BRelease-4.19&UserID=67772ae24085321c16a7ec9b6ec68b22%7C65697eecb56b4e37b5d48e6784622eac%7C25792842-e637-46af-a78a-2a533b299f15&AppEnvironment=datacollector-binary&UploadType=eteventstream] status=Processing
[2018.04.15-21.34.00:914][879]LogModuleManager: Shutting down and abandoning module SSL (40)
[2018.04.15-21.34.00:915][879]LogModuleManager: Shutting down and abandoning module AnimationModifiers (36)
[2018.04.15-21.34.00:915][879]LogModuleManager: Shutting down and abandoning module PropertyEditor (35)
[2018.04.15-21.34.00:915][879]LogModuleManager: Shutting down and abandoning module AudioEditor (32)
[2018.04.15-21.34.00:915][879]LogModuleManager: Shutting down and abandoning module TextureCompressor (30)
[2018.04.15-21.34.00:915][879]LogModuleManager: Shutting down and abandoning module ShaderCore (28)
[2018.04.15-21.34.00:915][879]LogModuleManager: Shutting down and abandoning module Landscape (26)
[2018.04.15-21.34.00:915][879]LogModuleManager: Shutting down and abandoning module SlateRHIRenderer (24)
[2018.04.15-21.34.00:916][879]LogModuleManager: Shutting down and abandoning module OpenGLDrv (22)
[2018.04.15-21.34.00:916][879]LogModuleManager: Shutting down and abandoning module D3D11RHI (20)
[2018.04.15-21.34.00:916][879]LogModuleManager: Shutting down and abandoning module AnimGraphRuntime (18)
[2018.04.15-21.34.00:916][879]LogModuleManager: Shutting down and abandoning module Renderer (16)
[2018.04.15-21.34.00:916][879]LogModuleManager: Shutting down and abandoning module Engine (14)
[2018.04.15-21.34.00:916][879]LogModuleManager: Shutting down and abandoning module CoreUObject (12)
[2018.04.15-21.34.00:916][879]LogModuleManager: Shutting down and abandoning module NetworkFile (10)
[2018.04.15-21.34.00:916][879]LogModuleManager: Shutting down and abandoning module CookedIterativeFile (8)
[2018.04.15-21.34.00:916][879]LogModuleManager: Shutting down and abandoning module StreamingFile (6)
[2018.04.15-21.34.00:916][879]LogModuleManager: Shutting down and abandoning module SandboxFile (4)
[2018.04.15-21.34.00:916][879]LogModuleManager: Shutting down and abandoning module PakFile (2)
[2018.04.15-21.34.00:920][879]LogExit: Exiting.
[2018.04.15-21.34.00:928][879]Log file closed, 04/15/18 16:34:00
